Using pre-set license
Built from '2020.3/release' branch; Version is '2020.3.1f1 (77a89f25062f) revision 7841951'; Using compiler version '192528614'; Build Type 'Release'
OS: 'Windows 10 Home; OS build 19043.1110; Version 2009; 64bit' Language: 'en' Physical Memory: 16234 MB
BatchMode: 1, IsHumanControllingUs: 0, StartBugReporterOnCrash: 0, Is64bit: 1, IsPro: 0

 COMMAND LINE ARGUMENTS:
C:\Program Files\Unity\Hub\Editor\2020.3.1f1\Editor\Unity.exe
-adb2
-batchMode
-noUpm
-name
AssetImportWorker0
-projectPath
C:/Users/bombe/Documents/Unity3D/SecondJam
-logFile
Logs/AssetImportWorker0.log
-srvPort
55166
Successfully changed project path to: C:/Users/bombe/Documents/Unity3D/SecondJam
C:/Users/bombe/Documents/Unity3D/SecondJam
Using Asset Import Pipeline V2.
Refreshing native plugins compatible for Editor in 32.41 ms, found 0 plugins.
Preloading 0 native plugins for Editor in 0.00 ms.
Initialize engine version: 2020.3.1f1 (77a89f25062f)
[Subsystems] Discovering subsystems at path C:/Program Files/Unity/Hub/Editor/2020.3.1f1/Editor/Data/Resources/UnitySubsystems
[Subsystems] Discovering subsystems at path C:/Users/bombe/Documents/Unity3D/SecondJam/Assets
GfxDevice: creating device client; threaded=0
Direct3D:
    Version:  Direct3D 11.0 [level 11.1]
    Renderer: NVIDIA GeForce GTX 1660 Ti (ID=0x2191)
    Vendor:   
    VRAM:     5991 MB
    Driver:   27.21.14.6109
Initialize mono
Mono path[0] = 'C:/Program Files/Unity/Hub/Editor/2020.3.1f1/Editor/Data/Managed'
Mono path[1] = 'C:/Program Files/Unity/Hub/Editor/2020.3.1f1/Editor/Data/MonoBleedingEdge/lib/mono/unityjit'
Mono config path = 'C:/Program Files/Unity/Hub/Editor/2020.3.1f1/Editor/Data/MonoBleedingEdge/etc'
Using monoOptions --debugger-agent=transport=dt_socket,embedding=1,server=y,suspend=n,address=127.0.0.1:56200
Begin MonoManager ReloadAssembly
Registering precompiled unity dll's ...
Register platform support module: C:/Program Files/Unity/Hub/Editor/2020.3.1f1/Editor/Data/PlaybackEngines/WebGLSupport/UnityEditor.WebGL.Extensions.dll
Register platform support module: C:/Program Files/Unity/Hub/Editor/2020.3.1f1/Editor/Data/PlaybackEngines/WindowsStandaloneSupport/UnityEditor.WindowsStandalone.Extensions.dll
Registered in 0.002367 seconds.
Native extension for WindowsStandalone target not found
Native extension for WebGL target not found
Refreshing native plugins compatible for Editor in 37.44 ms, found 0 plugins.
Preloading 0 native plugins for Editor in 0.00 ms.
Invoked RoslynAnalysisRunner static constructor.
RoslynAnalysisRunner will not be running.
RoslynAnalysisRunner has terminated.
Mono: successfully reloaded assembly
- Completed reload, in  1.141 seconds
Platform modules already initialized, skipping
Registering precompiled user dll's ...
Registered in 0.001161 seconds.
Begin MonoManager ReloadAssembly
Native extension for WindowsStandalone target not found
Native extension for WebGL target not found
Refreshing native plugins compatible for Editor in 0.26 ms, found 0 plugins.
Preloading 0 native plugins for Editor in 0.00 ms.
Invoked RoslynAnalysisRunner static constructor.
RoslynAnalysisRunner will not be running.
RoslynAnalysisRunner has terminated.
Mono: successfully reloaded assembly
- Completed reload, in  1.311 seconds
Platform modules already initialized, skipping
========================================================================
Worker process is ready to serve import requests
Launched and connected shader compiler UnityShaderCompiler.exe after 0.04 seconds
Refreshing native plugins compatible for Editor in 0.26 ms, found 0 plugins.
Preloading 0 native plugins for Editor in 0.00 ms.
Unloading 1567 Unused Serialized files (Serialized files now loaded: 0)
System memory in use before: 80.0 MB.
System memory in use after: 80.1 MB.

Unloading 10 unused Assets to reduce memory usage. Loaded Objects now: 2013.
Total: 2.048800 ms (FindLiveObjects: 0.218800 ms CreateObjectMapping: 0.056500 ms MarkObjects: 1.711200 ms  DeleteObjects: 0.061000 ms)

========================================================================
Received Import Request.
  path: Assets/Prefabs/GrapplePoint.prefab
  artifactKey: Guid(7a8855a586ba15c46bd32494fbd2cece) Importer(815301076,1909f56bfc062723c751e8b465ee728b)
Start importing Assets/Prefabs/GrapplePoint.prefab using Guid(7a8855a586ba15c46bd32494fbd2cece) Importer(815301076,1909f56bfc062723c751e8b465ee728b) The Animator Controller (Grapplepoint) you have used is not valid. Animations will not play
UnityEngine.StackTraceUtility:ExtractStackTrace ()
UnityEditor.EditorUtility:Internal_InstantiateRemoveAllNonAnimationComponentsSingle (UnityEngine.Object,UnityEngine.Vector3,UnityEngine.Quaternion)
UnityEditor.EditorUtility:InstantiateRemoveAllNonAnimationComponents (UnityEngine.Object,UnityEngine.Vector3,UnityEngine.Quaternion)
UnityEditor.EditorUtility:InstantiateForAnimatorPreview (UnityEngine.Object)
UnityEditor.GameObjectInspector/PreviewData:UpdateGameObject (UnityEngine.Object)
UnityEditor.GameObjectInspector/PreviewData:.ctor (UnityEngine.Object)
UnityEditor.GameObjectInspector:GetPreviewData ()
UnityEditor.GameObjectInspector:RenderStaticPreview (string,UnityEngine.Object[],int,int)
UnityEditor.AssetPreviewUpdater:CreatePreviewForAsset (UnityEngine.Object,UnityEngine.Object[],string)

[C:\buildslave\unity\build\Modules/Animation/Director/AnimatorControllerPlayable.cpp line 332]

The Animator Controller (Grapplepoint) you have used is not valid. Animations will not play
UnityEngine.StackTraceUtility:ExtractStackTrace ()
UnityEditor.EditorUtility:InitInstantiatedPreviewRecursive (UnityEngine.GameObject)
UnityEditor.EditorUtility:InstantiateForAnimatorPreview (UnityEngine.Object)
UnityEditor.GameObjectInspector/PreviewData:UpdateGameObject (UnityEngine.Object)
UnityEditor.GameObjectInspector/PreviewData:.ctor (UnityEngine.Object)
UnityEditor.GameObjectInspector:GetPreviewData ()
UnityEditor.GameObjectInspector:RenderStaticPreview (string,UnityEngine.Object[],int,int)
UnityEditor.AssetPreviewUpdater:CreatePreviewForAsset (UnityEngine.Object,UnityEngine.Object[],string)

[C:\buildslave\unity\build\Modules/Animation/Director/AnimatorControllerPlayable.cpp line 332]

 -> (artifact id: 'a98429270a0d7cd4f302174ccba10f4d') in 0.108381 seconds
  Import took 0.111413 seconds .

========================================================================
Received Import Request.
  Time since last request: 0.000311 seconds.
  path: Assets/Prefabs/Player.prefab
  artifactKey: Guid(5014468dfcef7854ab63ca23bf1abc03) Importer(815301076,1909f56bfc062723c751e8b465ee728b)
Start importing Assets/Prefabs/Player.prefab using Guid(5014468dfcef7854ab63ca23bf1abc03) Importer(815301076,1909f56bfc062723c751e8b465ee728b)  -> (artifact id: '21ffcd7a0190c92b1fc18e0ad982c611') in 0.012719 seconds
  Import took 0.015883 seconds .

========================================================================
Received Import Request.
  Time since last request: 0.000278 seconds.
  path: Assets/Prefabs/UI.prefab
  artifactKey: Guid(f1d9ac43815414442b2c5996161c2948) Importer(815301076,1909f56bfc062723c751e8b465ee728b)
Start importing Assets/Prefabs/UI.prefab using Guid(f1d9ac43815414442b2c5996161c2948) Importer(815301076,1909f56bfc062723c751e8b465ee728b)  -> (artifact id: 'd5803ea5712d65b2e8c5e6bdff583577') in 0.092911 seconds
  Import took 0.096125 seconds .

========================================================================
Received Import Request.
  Time since last request: 2.397392 seconds.
  path: Assets/Prefabs/Walls
  artifactKey: Guid(73ca20d7259014f48ac6e9eedd1910f8) Importer(815301076,1909f56bfc062723c751e8b465ee728b)
Start importing Assets/Prefabs/Walls using Guid(73ca20d7259014f48ac6e9eedd1910f8) Importer(815301076,1909f56bfc062723c751e8b465ee728b)  -> (artifact id: '7c7b956d378dbca500030dd76323889a') in 0.007335 seconds
  Import took 0.010604 seconds .

========================================================================
Received Import Request.
  Time since last request: 0.000669 seconds.
  path: Assets/Prefabs/Walls
  artifactKey: Guid(73ca20d7259014f48ac6e9eedd1910f8) Importer(815301076,1909f56bfc062723c751e8b465ee728b)
Start importing Assets/Prefabs/Walls using Guid(73ca20d7259014f48ac6e9eedd1910f8) Importer(815301076,1909f56bfc062723c751e8b465ee728b)  -> (artifact id: '7c7b956d378dbca500030dd76323889a') in 0.002789 seconds
  Import took 0.006139 seconds .

========================================================================
Received Import Request.
  Time since last request: 0.057412 seconds.
  path: Assets/Prefabs/Walls/Wall01.prefab
  artifactKey: Guid(7868d06b12a28524db820bbe7ce748d9) Importer(815301076,1909f56bfc062723c751e8b465ee728b)
Start importing Assets/Prefabs/Walls/Wall01.prefab using Guid(7868d06b12a28524db820bbe7ce748d9) Importer(815301076,1909f56bfc062723c751e8b465ee728b)  -> (artifact id: 'de29384c7001086111961a62a256cceb') in 0.019147 seconds
  Import took 0.022561 seconds .

========================================================================
Received Import Request.
  Time since last request: 0.000311 seconds.
  path: Assets/Prefabs/Walls/Wall03.prefab
  artifactKey: Guid(552a00e667899ba4990d4066c1fd8989) Importer(815301076,1909f56bfc062723c751e8b465ee728b)
Start importing Assets/Prefabs/Walls/Wall03.prefab using Guid(552a00e667899ba4990d4066c1fd8989) Importer(815301076,1909f56bfc062723c751e8b465ee728b)  -> (artifact id: 'ab1aa337e72884db42a5a809d7a55560') in 0.026780 seconds
  Import took 0.029447 seconds .

========================================================================
Received Import Request.
  Time since last request: 0.000305 seconds.
  path: Assets/Prefabs/Walls/Wall01Mid.prefab
  artifactKey: Guid(8757d613903c26a4ca6b534eba31e9b8) Importer(815301076,1909f56bfc062723c751e8b465ee728b)
Start importing Assets/Prefabs/Walls/Wall01Mid.prefab using Guid(8757d613903c26a4ca6b534eba31e9b8) Importer(815301076,1909f56bfc062723c751e8b465ee728b)  -> (artifact id: 'a1cb1f5fdbdd64f88f56801867b4aaed') in 0.019721 seconds
  Import took 0.022342 seconds .

========================================================================
Received Import Request.
  Time since last request: 0.000316 seconds.
  path: Assets/Prefabs/Walls/Wall02.prefab
  artifactKey: Guid(a9770ef91247c574eb138551a366a535) Importer(815301076,1909f56bfc062723c751e8b465ee728b)
Start importing Assets/Prefabs/Walls/Wall02.prefab using Guid(a9770ef91247c574eb138551a366a535) Importer(815301076,1909f56bfc062723c751e8b465ee728b)  -> (artifact id: 'b680370ecb09366544ec538aef1b4f4b') in 0.022600 seconds
  Import took 0.026419 seconds .

========================================================================
Received Prepare
Refreshing native plugins compatible for Editor in 1.39 ms, found 0 plugins.
Preloading 0 native plugins for Editor in 0.00 ms.
Unloading 4 Unused Serialized files (Serialized files now loaded: 0)
System memory in use before: 53.8 MB.
System memory in use after: 53.9 MB.

Unloading 5 unused Assets to reduce memory usage. Loaded Objects now: 2021.
Total: 2.510500 ms (FindLiveObjects: 0.227400 ms CreateObjectMapping: 0.058700 ms MarkObjects: 2.142300 ms  DeleteObjects: 0.078500 ms)

========================================================================
Received Prepare
Registering precompiled user dll's ...
Registered in 0.001070 seconds.
Begin MonoManager ReloadAssembly
Native extension for WindowsStandalone target not found
Native extension for WebGL target not found
Refreshing native plugins compatible for Editor in 0.27 ms, found 0 plugins.
Preloading 0 native plugins for Editor in 0.00 ms.
Invoked RoslynAnalysisRunner static constructor.
RoslynAnalysisRunner will not be running.
RoslynAnalysisRunner has terminated.
Mono: successfully reloaded assembly
- Completed reload, in  0.886 seconds
Platform modules already initialized, skipping
Refreshing native plugins compatible for Editor in 0.28 ms, found 0 plugins.
Preloading 0 native plugins for Editor in 0.00 ms.
Unloading 1547 Unused Serialized files (Serialized files now loaded: 0)
System memory in use before: 82.1 MB.
System memory in use after: 82.2 MB.

Unloading 6 unused Assets to reduce memory usage. Loaded Objects now: 2024.
Total: 2.049200 ms (FindLiveObjects: 0.163700 ms CreateObjectMapping: 0.054900 ms MarkObjects: 1.763000 ms  DeleteObjects: 0.065600 ms)

========================================================================
Received Prepare
Registering precompiled user dll's ...
Registered in 0.001108 seconds.
Begin MonoManager ReloadAssembly
Native extension for WindowsStandalone target not found
Native extension for WebGL target not found
Refreshing native plugins compatible for Editor in 0.33 ms, found 0 plugins.
Preloading 0 native plugins for Editor in 0.00 ms.
Invoked RoslynAnalysisRunner static constructor.
RoslynAnalysisRunner will not be running.
RoslynAnalysisRunner has terminated.
Mono: successfully reloaded assembly
- Completed reload, in  0.922 seconds
Platform modules already initialized, skipping
Refreshing native plugins compatible for Editor in 0.28 ms, found 0 plugins.
Preloading 0 native plugins for Editor in 0.00 ms.
Unloading 1547 Unused Serialized files (Serialized files now loaded: 0)
System memory in use before: 82.2 MB.
System memory in use after: 82.2 MB.

Unloading 6 unused Assets to reduce memory usage. Loaded Objects now: 2027.
Total: 2.859400 ms (FindLiveObjects: 0.170200 ms CreateObjectMapping: 0.077100 ms MarkObjects: 2.556400 ms  DeleteObjects: 0.054400 ms)

========================================================================
Received Import Request.
  Time since last request: 171.491760 seconds.
  path: Assets/Animations/GrapplePoint/grapplepointidle.anim
  artifactKey: Guid(edf62ff5f705c524db151f0219a395a8) Importer(815301076,1909f56bfc062723c751e8b465ee728b)
Start importing Assets/Animations/GrapplePoint/grapplepointidle.anim using Guid(edf62ff5f705c524db151f0219a395a8) Importer(815301076,1909f56bfc062723c751e8b465ee728b)  -> (artifact id: '9f97c0c9309d7c83af1309b76e20d0fe') in 0.017370 seconds
  Import took 0.020200 seconds .

========================================================================
Received Import Request.
  Time since last request: 116.858070 seconds.
  path: Assets/Animations/GrapplePoint/GrapplePoint.controller
  artifactKey: Guid(558d5f0f0b6aa0d40a2eebf6b225f97a) Importer(815301076,1909f56bfc062723c751e8b465ee728b)
Start importing Assets/Animations/GrapplePoint/GrapplePoint.controller using Guid(558d5f0f0b6aa0d40a2eebf6b225f97a) Importer(815301076,1909f56bfc062723c751e8b465ee728b)  -> (artifact id: '46be343ffeed5a834e78c07492785bd2') in 0.006395 seconds
  Import took 0.009868 seconds .

========================================================================
Received Import Request.
  Time since last request: 44.555073 seconds.
  path: Assets/Sprites/Walls
  artifactKey: Guid(02ddaf766affa9040a61d52f8ac1f97a) Importer(815301076,1909f56bfc062723c751e8b465ee728b)
Start importing Assets/Sprites/Walls using Guid(02ddaf766affa9040a61d52f8ac1f97a) Importer(815301076,1909f56bfc062723c751e8b465ee728b)  -> (artifact id: 'a75f9bd9cc986eec21df22663e1e7c5c') in 0.003533 seconds
  Import took 0.006607 seconds .

========================================================================
Received Import Request.
  Time since last request: 0.094098 seconds.
  path: Assets/Sprites/Walls/wall01.png
  artifactKey: Guid(dcc42cdad93732843bb37c65f2d42d3f) Importer(815301076,1909f56bfc062723c751e8b465ee728b)
Start importing Assets/Sprites/Walls/wall01.png using Guid(dcc42cdad93732843bb37c65f2d42d3f) Importer(815301076,1909f56bfc062723c751e8b465ee728b)  -> (artifact id: 'b17e6684d6724e2a81e1b943d680166e') in 0.091567 seconds
  Import took 0.095240 seconds .

========================================================================
Received Import Request.
  Time since last request: 0.000302 seconds.
  path: Assets/Sprites/Walls/wall02.png
  artifactKey: Guid(14f73247261abcf4cb2d1564be130cf6) Importer(815301076,1909f56bfc062723c751e8b465ee728b)
Start importing Assets/Sprites/Walls/wall02.png using Guid(14f73247261abcf4cb2d1564be130cf6) Importer(815301076,1909f56bfc062723c751e8b465ee728b)  -> (artifact id: 'e45df9e4bfaa056a5cc11cd08ebbb75c') in 0.013883 seconds
  Import took 0.017097 seconds .

========================================================================
Received Import Request.
  Time since last request: 0.000196 seconds.
  path: Assets/Sprites/Walls/wall03.png
  artifactKey: Guid(75b3b514fbadfbb4fabe9d449ac33b61) Importer(815301076,1909f56bfc062723c751e8b465ee728b)
Start importing Assets/Sprites/Walls/wall03.png using Guid(75b3b514fbadfbb4fabe9d449ac33b61) Importer(815301076,1909f56bfc062723c751e8b465ee728b)  -> (artifact id: '265791937429105c7c5ba922a5f32aae') in 0.022221 seconds
  Import took 0.025664 seconds .

========================================================================
Received Import Request.
  Time since last request: 0.000289 seconds.
  path: Assets/Sprites/Walls/wall01mid.png
  artifactKey: Guid(4360db267f370d349b056c44988f14e0) Importer(815301076,1909f56bfc062723c751e8b465ee728b)
Start importing Assets/Sprites/Walls/wall01mid.png using Guid(4360db267f370d349b056c44988f14e0) Importer(815301076,1909f56bfc062723c751e8b465ee728b)  -> (artifact id: '5701070ced3a3e2b90e91b5825d59456') in 0.039415 seconds
  Import took 0.043458 seconds .

