Using pre-set license
Built from '2020.3/release' branch; Version is '2020.3.1f1 (77a89f25062f) revision 7841951'; Using compiler version '192528614'; Build Type 'Release'
OS: 'Windows 10 Home; OS build 19043.1110; Version 2009; 64bit' Language: 'en' Physical Memory: 16234 MB
BatchMode: 1, IsHumanControllingUs: 0, StartBugReporterOnCrash: 0, Is64bit: 1, IsPro: 0

 COMMAND LINE ARGUMENTS:
C:\Program Files\Unity\Hub\Editor\2020.3.1f1\Editor\Unity.exe
-adb2
-batchMode
-noUpm
-name
AssetImportWorker0
-projectPath
C:/Users/bombe/Documents/Unity3D/SecondJam
-logFile
Logs/AssetImportWorker0.log
-srvPort
60756
Successfully changed project path to: C:/Users/bombe/Documents/Unity3D/SecondJam
C:/Users/bombe/Documents/Unity3D/SecondJam
Using Asset Import Pipeline V2.
Refreshing native plugins compatible for Editor in 29.69 ms, found 0 plugins.
Preloading 0 native plugins for Editor in 0.00 ms.
Initialize engine version: 2020.3.1f1 (77a89f25062f)
[Subsystems] Discovering subsystems at path C:/Program Files/Unity/Hub/Editor/2020.3.1f1/Editor/Data/Resources/UnitySubsystems
[Subsystems] Discovering subsystems at path C:/Users/bombe/Documents/Unity3D/SecondJam/Assets
GfxDevice: creating device client; threaded=0
Direct3D:
    Version:  Direct3D 11.0 [level 11.1]
    Renderer: NVIDIA GeForce GTX 1660 Ti (ID=0x2191)
    Vendor:   
    VRAM:     5991 MB
    Driver:   27.21.14.6109
Initialize mono
Mono path[0] = 'C:/Program Files/Unity/Hub/Editor/2020.3.1f1/Editor/Data/Managed'
Mono path[1] = 'C:/Program Files/Unity/Hub/Editor/2020.3.1f1/Editor/Data/MonoBleedingEdge/lib/mono/unityjit'
Mono config path = 'C:/Program Files/Unity/Hub/Editor/2020.3.1f1/Editor/Data/MonoBleedingEdge/etc'
Using monoOptions --debugger-agent=transport=dt_socket,embedding=1,server=y,suspend=n,address=127.0.0.1:56056
Begin MonoManager ReloadAssembly
Registering precompiled unity dll's ...
Register platform support module: C:/Program Files/Unity/Hub/Editor/2020.3.1f1/Editor/Data/PlaybackEngines/WebGLSupport/UnityEditor.WebGL.Extensions.dll
Register platform support module: C:/Program Files/Unity/Hub/Editor/2020.3.1f1/Editor/Data/PlaybackEngines/WindowsStandaloneSupport/UnityEditor.WindowsStandalone.Extensions.dll
Registered in 0.002334 seconds.
Native extension for WindowsStandalone target not found
Native extension for WebGL target not found
Refreshing native plugins compatible for Editor in 30.34 ms, found 0 plugins.
Preloading 0 native plugins for Editor in 0.00 ms.
Invoked RoslynAnalysisRunner static constructor.
RoslynAnalysisRunner will not be running.
RoslynAnalysisRunner has terminated.
Mono: successfully reloaded assembly
- Completed reload, in  1.107 seconds
Platform modules already initialized, skipping
Registering precompiled user dll's ...
Registered in 0.001167 seconds.
Begin MonoManager ReloadAssembly
Native extension for WindowsStandalone target not found
Native extension for WebGL target not found
Refreshing native plugins compatible for Editor in 0.27 ms, found 0 plugins.
Preloading 0 native plugins for Editor in 0.00 ms.
Invoked RoslynAnalysisRunner static constructor.
RoslynAnalysisRunner will not be running.
RoslynAnalysisRunner has terminated.
Mono: successfully reloaded assembly
- Completed reload, in  1.473 seconds
Platform modules already initialized, skipping
========================================================================
Worker process is ready to serve import requests
Launched and connected shader compiler UnityShaderCompiler.exe after 0.05 seconds
Refreshing native plugins compatible for Editor in 0.26 ms, found 0 plugins.
Preloading 0 native plugins for Editor in 0.00 ms.
Unloading 1570 Unused Serialized files (Serialized files now loaded: 0)
System memory in use before: 80.1 MB.
System memory in use after: 80.2 MB.

Unloading 10 unused Assets to reduce memory usage. Loaded Objects now: 2016.
Total: 2.055600 ms (FindLiveObjects: 0.178600 ms CreateObjectMapping: 0.075900 ms MarkObjects: 1.743400 ms  DeleteObjects: 0.056600 ms)

========================================================================
Received Import Request.
  path: Assets/Materials/floor1.mat
  artifactKey: Guid(4b9d39fd7174e984e8d937cf5acedbc5) Importer(815301076,1909f56bfc062723c751e8b465ee728b)
Start importing Assets/Materials/floor1.mat using Guid(4b9d39fd7174e984e8d937cf5acedbc5) Importer(815301076,1909f56bfc062723c751e8b465ee728b)  -> (artifact id: '6bc997db3e6cd4984c84d51b045246e3') in 0.162555 seconds
  Import took 0.166836 seconds .

========================================================================
Received Import Request.
  Time since last request: 0.000227 seconds.
  path: Assets/Materials/wall02.mat
  artifactKey: Guid(d484285633e28eb4094206c7f077d585) Importer(815301076,1909f56bfc062723c751e8b465ee728b)
Start importing Assets/Materials/wall02.mat using Guid(d484285633e28eb4094206c7f077d585) Importer(815301076,1909f56bfc062723c751e8b465ee728b)  -> (artifact id: 'fcfa2a9cccafcf86f09a66ce59907f80') in 0.014365 seconds
  Import took 0.017396 seconds .

========================================================================
Received Import Request.
  Time since last request: 0.000298 seconds.
  path: Assets/Materials/wall01.mat
  artifactKey: Guid(3b94969fe546a744fba87eb34f73b640) Importer(815301076,1909f56bfc062723c751e8b465ee728b)
Start importing Assets/Materials/wall01.mat using Guid(3b94969fe546a744fba87eb34f73b640) Importer(815301076,1909f56bfc062723c751e8b465ee728b)  -> (artifact id: '197974c4d1922a55a4c1f08d8e922180') in 0.014997 seconds
  Import took 0.018169 seconds .

========================================================================
Received Import Request.
  Time since last request: 0.000279 seconds.
  path: Assets/Materials/floor2.mat
  artifactKey: Guid(f718e5670b9f8c2498813520c45da866) Importer(815301076,1909f56bfc062723c751e8b465ee728b)
Start importing Assets/Materials/floor2.mat using Guid(f718e5670b9f8c2498813520c45da866) Importer(815301076,1909f56bfc062723c751e8b465ee728b)  -> (artifact id: '3d68508bf8734525f0855ad83c2b7fb8') in 0.014104 seconds
  Import took 0.017052 seconds .

========================================================================
Received Import Request.
  Time since last request: 0.000312 seconds.
  path: Assets/Materials/wall03 1.mat
  artifactKey: Guid(85926d97b6c7d2940840322ab91c1533) Importer(815301076,1909f56bfc062723c751e8b465ee728b)
Start importing Assets/Materials/wall03 1.mat using Guid(85926d97b6c7d2940840322ab91c1533) Importer(815301076,1909f56bfc062723c751e8b465ee728b)  -> (artifact id: 'd467fb0aea8bd9d1234b3b3ad7198ee3') in 0.019837 seconds
  Import took 0.022421 seconds .

========================================================================
Received Import Request.
  Time since last request: 0.000221 seconds.
  path: Assets/Fonts/AmazDooMLeft.ttf
  artifactKey: Guid(65a7c6f82e764424d9d3db027276dcf8) Importer(815301076,1909f56bfc062723c751e8b465ee728b)
Start importing Assets/Fonts/AmazDooMLeft.ttf using Guid(65a7c6f82e764424d9d3db027276dcf8) Importer(815301076,1909f56bfc062723c751e8b465ee728b)  -> (artifact id: 'af80dbefadaccf985618c94ce1c4ccba') in 0.029455 seconds
  Import took 0.031765 seconds .

========================================================================
Received Import Request.
  Time since last request: 0.000196 seconds.
  path: Assets/Materials/wall03.mat
  artifactKey: Guid(fef0480616b484141854699a347f323f) Importer(815301076,1909f56bfc062723c751e8b465ee728b)
Start importing Assets/Materials/wall03.mat using Guid(fef0480616b484141854699a347f323f) Importer(815301076,1909f56bfc062723c751e8b465ee728b)  -> (artifact id: '785f201cbe59046a9ef25ed9513ed14f') in 0.013680 seconds
  Import took 0.016774 seconds .

========================================================================
Received Import Request.
  Time since last request: 0.000237 seconds.
  path: Assets/Materials/step1.mat
  artifactKey: Guid(78ae6d7cb35381a4683451cc73b77b9d) Importer(815301076,1909f56bfc062723c751e8b465ee728b)
Start importing Assets/Materials/step1.mat using Guid(78ae6d7cb35381a4683451cc73b77b9d) Importer(815301076,1909f56bfc062723c751e8b465ee728b)  -> (artifact id: 'c9294cc6cbb515d727d0b274e3b60af7') in 0.011645 seconds
  Import took 0.014580 seconds .

========================================================================
Received Import Request.
  Time since last request: 0.000217 seconds.
  path: Assets/Materials/wall01Mid.mat
  artifactKey: Guid(54ded9464fa913d4a93d606f1a0b2c70) Importer(815301076,1909f56bfc062723c751e8b465ee728b)
Start importing Assets/Materials/wall01Mid.mat using Guid(54ded9464fa913d4a93d606f1a0b2c70) Importer(815301076,1909f56bfc062723c751e8b465ee728b)  -> (artifact id: '206e470d5370d57e9f96430e7dd6b87a') in 0.011847 seconds
  Import took 0.014487 seconds .

========================================================================
Received Import Request.
  Time since last request: 0.000252 seconds.
  path: Assets/Materials/door1.mat
  artifactKey: Guid(0f78b1059cd236b42b2d56578cb9245b) Importer(815301076,1909f56bfc062723c751e8b465ee728b)
Start importing Assets/Materials/door1.mat using Guid(0f78b1059cd236b42b2d56578cb9245b) Importer(815301076,1909f56bfc062723c751e8b465ee728b)  -> (artifact id: '0ff80896bdf574ac31aa0eba0676762f') in 0.011629 seconds
  Import took 0.014228 seconds .

========================================================================
Received Import Request.
  Time since last request: 0.000215 seconds.
  path: Assets/Materials/bluedoor1.mat
  artifactKey: Guid(7858e66ae52bcca41b9963f1f5104d5b) Importer(815301076,1909f56bfc062723c751e8b465ee728b)
Start importing Assets/Materials/bluedoor1.mat using Guid(7858e66ae52bcca41b9963f1f5104d5b) Importer(815301076,1909f56bfc062723c751e8b465ee728b)  -> (artifact id: '0ec8f80785b3c9498ec80eb9d4cedeb1') in 0.014107 seconds
  Import took 0.017235 seconds .

========================================================================
Received Import Request.
  Time since last request: 0.000220 seconds.
  path: Assets/Materials/reddoor1.mat
  artifactKey: Guid(2079fac69d120924d9c169a313e89930) Importer(815301076,1909f56bfc062723c751e8b465ee728b)
Start importing Assets/Materials/reddoor1.mat using Guid(2079fac69d120924d9c169a313e89930) Importer(815301076,1909f56bfc062723c751e8b465ee728b)  -> (artifact id: '78f9bfe45687d66aa234f73b4d831a95') in 0.011845 seconds
  Import took 0.014212 seconds .

========================================================================
Received Import Request.
  Time since last request: 0.000283 seconds.
  path: Assets/Materials/GrappleBeam.mat
  artifactKey: Guid(09a9333f4b077a145899cd40fac1540d) Importer(815301076,1909f56bfc062723c751e8b465ee728b)
Start importing Assets/Materials/GrappleBeam.mat using Guid(09a9333f4b077a145899cd40fac1540d) Importer(815301076,1909f56bfc062723c751e8b465ee728b)  -> (artifact id: '498464588bbe5e1515665bc9e7e91929') in 0.015221 seconds
  Import took 0.017638 seconds .

========================================================================
Received Import Request.
  Time since last request: 0.636410 seconds.
  path: Assets/Scenes
  artifactKey: Guid(70732ddc23ebe64469eb5e6de697d859) Importer(815301076,1909f56bfc062723c751e8b465ee728b)
Start importing Assets/Scenes using Guid(70732ddc23ebe64469eb5e6de697d859) Importer(815301076,1909f56bfc062723c751e8b465ee728b)  -> (artifact id: 'fc625c9772f28ec739460864e71efee4') in 0.004858 seconds
  Import took 0.007187 seconds .

========================================================================
Received Import Request.
  Time since last request: 0.007420 seconds.
  path: Assets/Scenes
  artifactKey: Guid(70732ddc23ebe64469eb5e6de697d859) Importer(815301076,1909f56bfc062723c751e8b465ee728b)
Start importing Assets/Scenes using Guid(70732ddc23ebe64469eb5e6de697d859) Importer(815301076,1909f56bfc062723c751e8b465ee728b)  -> (artifact id: 'fc625c9772f28ec739460864e71efee4') in 0.002211 seconds
  Import took 0.004953 seconds .

========================================================================
Received Import Request.
  Time since last request: 1.194482 seconds.
  path: Assets/Scenes/Level1.unity
  artifactKey: Guid(9fc0d4010bbf28b4594072e72b8655ab) Importer(815301076,1909f56bfc062723c751e8b465ee728b)
Start importing Assets/Scenes/Level1.unity using Guid(9fc0d4010bbf28b4594072e72b8655ab) Importer(815301076,1909f56bfc062723c751e8b465ee728b)  -> (artifact id: '542aae9f96ed5c61203fee26e90e9cfb') in 0.005635 seconds
  Import took 0.008104 seconds .

========================================================================
Received Prepare
Registering precompiled user dll's ...
Registered in 0.004251 seconds.
Begin MonoManager ReloadAssembly
Native extension for WindowsStandalone target not found
Native extension for WebGL target not found
Refreshing native plugins compatible for Editor in 0.28 ms, found 0 plugins.
Preloading 0 native plugins for Editor in 0.00 ms.
Invoked RoslynAnalysisRunner static constructor.
RoslynAnalysisRunner will not be running.
RoslynAnalysisRunner has terminated.
Mono: successfully reloaded assembly
- Completed reload, in  1.515 seconds
Platform modules already initialized, skipping
Refreshing native plugins compatible for Editor in 0.47 ms, found 0 plugins.
Preloading 0 native plugins for Editor in 0.00 ms.
Unloading 1550 Unused Serialized files (Serialized files now loaded: 0)
System memory in use before: 82.4 MB.
System memory in use after: 82.5 MB.

Unloading 6 unused Assets to reduce memory usage. Loaded Objects now: 2063.
Total: 2.037600 ms (FindLiveObjects: 0.207200 ms CreateObjectMapping: 0.062400 ms MarkObjects: 1.713100 ms  DeleteObjects: 0.053500 ms)

========================================================================
Received Prepare
Registering precompiled user dll's ...
Registered in 0.001090 seconds.
Begin MonoManager ReloadAssembly
Native extension for WindowsStandalone target not found
Native extension for WebGL target not found
Refreshing native plugins compatible for Editor in 0.27 ms, found 0 plugins.
Preloading 0 native plugins for Editor in 0.00 ms.
Invoked RoslynAnalysisRunner static constructor.
RoslynAnalysisRunner will not be running.
RoslynAnalysisRunner has terminated.
Mono: successfully reloaded assembly
- Completed reload, in  0.868 seconds
Platform modules already initialized, skipping
Refreshing native plugins compatible for Editor in 0.34 ms, found 0 plugins.
Preloading 0 native plugins for Editor in 0.00 ms.
Unloading 1550 Unused Serialized files (Serialized files now loaded: 0)
System memory in use before: 82.5 MB.
System memory in use after: 82.6 MB.

Unloading 6 unused Assets to reduce memory usage. Loaded Objects now: 2066.
Total: 2.529100 ms (FindLiveObjects: 0.166000 ms CreateObjectMapping: 0.058200 ms MarkObjects: 2.250100 ms  DeleteObjects: 0.053700 ms)

========================================================================
Received Prepare
Registering precompiled user dll's ...
Registered in 0.001099 seconds.
Begin MonoManager ReloadAssembly
Native extension for WindowsStandalone target not found
Native extension for WebGL target not found
Refreshing native plugins compatible for Editor in 0.36 ms, found 0 plugins.
Preloading 0 native plugins for Editor in 0.00 ms.
Invoked RoslynAnalysisRunner static constructor.
RoslynAnalysisRunner will not be running.
RoslynAnalysisRunner has terminated.
Mono: successfully reloaded assembly
- Completed reload, in  0.899 seconds
Platform modules already initialized, skipping
Refreshing native plugins compatible for Editor in 0.28 ms, found 0 plugins.
Preloading 0 native plugins for Editor in 0.00 ms.
Unloading 1550 Unused Serialized files (Serialized files now loaded: 0)
System memory in use before: 82.5 MB.
System memory in use after: 82.6 MB.

Unloading 6 unused Assets to reduce memory usage. Loaded Objects now: 2069.
Total: 2.803600 ms (FindLiveObjects: 0.217500 ms CreateObjectMapping: 0.081000 ms MarkObjects: 2.437200 ms  DeleteObjects: 0.066900 ms)

========================================================================
Received Prepare
Registering precompiled user dll's ...
Registered in 0.001094 seconds.
Begin MonoManager ReloadAssembly
Native extension for WindowsStandalone target not found
Native extension for WebGL target not found
Refreshing native plugins compatible for Editor in 0.28 ms, found 0 plugins.
Preloading 0 native plugins for Editor in 0.00 ms.
Invoked RoslynAnalysisRunner static constructor.
RoslynAnalysisRunner will not be running.
RoslynAnalysisRunner has terminated.
Mono: successfully reloaded assembly
- Completed reload, in  0.945 seconds
Platform modules already initialized, skipping
Refreshing native plugins compatible for Editor in 0.27 ms, found 0 plugins.
Preloading 0 native plugins for Editor in 0.00 ms.
Unloading 1550 Unused Serialized files (Serialized files now loaded: 0)
System memory in use before: 82.5 MB.
System memory in use after: 82.6 MB.

Unloading 6 unused Assets to reduce memory usage. Loaded Objects now: 2072.
Total: 2.192700 ms (FindLiveObjects: 0.145800 ms CreateObjectMapping: 0.047800 ms MarkObjects: 1.939300 ms  DeleteObjects: 0.058900 ms)

========================================================================
Received Prepare
Registering precompiled user dll's ...
Registered in 0.001084 seconds.
Begin MonoManager ReloadAssembly
Native extension for WindowsStandalone target not found
Native extension for WebGL target not found
Refreshing native plugins compatible for Editor in 0.27 ms, found 0 plugins.
Preloading 0 native plugins for Editor in 0.00 ms.
Invoked RoslynAnalysisRunner static constructor.
RoslynAnalysisRunner will not be running.
RoslynAnalysisRunner has terminated.
Mono: successfully reloaded assembly
- Completed reload, in  0.861 seconds
Platform modules already initialized, skipping
Refreshing native plugins compatible for Editor in 0.29 ms, found 0 plugins.
Preloading 0 native plugins for Editor in 0.00 ms.
Unloading 1550 Unused Serialized files (Serialized files now loaded: 0)
System memory in use before: 82.5 MB.
System memory in use after: 82.6 MB.

Unloading 6 unused Assets to reduce memory usage. Loaded Objects now: 2075.
Total: 2.947200 ms (FindLiveObjects: 0.249700 ms CreateObjectMapping: 0.086700 ms MarkObjects: 2.550700 ms  DeleteObjects: 0.059000 ms)

========================================================================
Received Prepare
Registering precompiled user dll's ...
Registered in 0.103233 seconds.
Begin MonoManager ReloadAssembly
Native extension for WindowsStandalone target not found
Native extension for WebGL target not found
Refreshing native plugins compatible for Editor in 0.42 ms, found 0 plugins.
Preloading 0 native plugins for Editor in 0.00 ms.
Invoked RoslynAnalysisRunner static constructor.
RoslynAnalysisRunner will not be running.
RoslynAnalysisRunner has terminated.
Mono: successfully reloaded assembly
- Completed reload, in  7.875 seconds
Platform modules already initialized, skipping
Refreshing native plugins compatible for Editor in 0.29 ms, found 0 plugins.
Preloading 0 native plugins for Editor in 0.00 ms.
Unloading 1550 Unused Serialized files (Serialized files now loaded: 0)
System memory in use before: 82.5 MB.
System memory in use after: 82.6 MB.

Unloading 6 unused Assets to reduce memory usage. Loaded Objects now: 2078.
Total: 2.384100 ms (FindLiveObjects: 0.276000 ms CreateObjectMapping: 0.066000 ms MarkObjects: 1.960300 ms  DeleteObjects: 0.080200 ms)

========================================================================
Received Import Request.
  Time since last request: 915.932210 seconds.
  path: Assets/Sprites
  artifactKey: Guid(ffa2c4ed769f58f48b7e0ec74b442f51) Importer(815301076,1909f56bfc062723c751e8b465ee728b)
Start importing Assets/Sprites using Guid(ffa2c4ed769f58f48b7e0ec74b442f51) Importer(815301076,1909f56bfc062723c751e8b465ee728b)  -> (artifact id: 'e9bc8ec1079fcc07a6c04512c673313f') in 0.011463 seconds
  Import took 0.015151 seconds .

========================================================================
Received Import Request.
  Time since last request: 97.520956 seconds.
  path: Assets/Sprites/Pickups
  artifactKey: Guid(71a9227197ba4504fba1e405afafa568) Importer(815301076,1909f56bfc062723c751e8b465ee728b)
Start importing Assets/Sprites/Pickups using Guid(71a9227197ba4504fba1e405afafa568) Importer(815301076,1909f56bfc062723c751e8b465ee728b)  -> (artifact id: '3230d0b2e1b28760e434bafa591c0d51') in 0.007981 seconds
  Import took 0.011532 seconds .

========================================================================
Received Import Request.
  Time since last request: 0.068647 seconds.
  path: Assets/Sprites/Pickups/ammoicon.png
  artifactKey: Guid(d0052fd84031e7447b09dc19d6ecf2c3) Importer(815301076,1909f56bfc062723c751e8b465ee728b)
Start importing Assets/Sprites/Pickups/ammoicon.png using Guid(d0052fd84031e7447b09dc19d6ecf2c3) Importer(815301076,1909f56bfc062723c751e8b465ee728b)  -> (artifact id: '0e04fe525ec775f864c22389a5a0483c') in 0.108012 seconds
  Import took 0.111998 seconds .

========================================================================
Received Import Request.
  Time since last request: 0.000273 seconds.
  path: Assets/Sprites/Pickups/shotshellpickup.png
  artifactKey: Guid(6226e0905de1b864dbea98b6bb02ff9a) Importer(815301076,1909f56bfc062723c751e8b465ee728b)
Start importing Assets/Sprites/Pickups/shotshellpickup.png using Guid(6226e0905de1b864dbea98b6bb02ff9a) Importer(815301076,1909f56bfc062723c751e8b465ee728b)  -> (artifact id: '908cd4536296891451c65e1ecba48c15') in 0.015853 seconds
  Import took 0.018871 seconds .

========================================================================
Received Import Request.
  Time since last request: 0.000214 seconds.
  path: Assets/Sprites/Pickups/hpSprite 1.png
  artifactKey: Guid(1ced045fcb9d47b4aadd9da2df69912a) Importer(815301076,1909f56bfc062723c751e8b465ee728b)
Start importing Assets/Sprites/Pickups/hpSprite 1.png using Guid(1ced045fcb9d47b4aadd9da2df69912a) Importer(815301076,1909f56bfc062723c751e8b465ee728b)  -> (artifact id: '4939cdc1184dde7f13685085153da8c2') in 0.015546 seconds
  Import took 0.019153 seconds .

========================================================================
Received Import Request.
  Time since last request: 0.000238 seconds.
  path: Assets/Sprites/Pickups/Shotgun Pickup.png
  artifactKey: Guid(6eb56bac2ae57e64588aad249a8d2b2b) Importer(815301076,1909f56bfc062723c751e8b465ee728b)
Start importing Assets/Sprites/Pickups/Shotgun Pickup.png using Guid(6eb56bac2ae57e64588aad249a8d2b2b) Importer(815301076,1909f56bfc062723c751e8b465ee728b)  -> (artifact id: '5a5c0dbbd59ad374b92d35ef53c27c31') in 0.018614 seconds
  Import took 0.022605 seconds .

========================================================================
Received Import Request.
  Time since last request: 0.000205 seconds.
  path: Assets/Sprites/Pickups/grapplegun.png
  artifactKey: Guid(6b64e1253ccd4d342b15ee90ca3e98e6) Importer(815301076,1909f56bfc062723c751e8b465ee728b)
Start importing Assets/Sprites/Pickups/grapplegun.png using Guid(6b64e1253ccd4d342b15ee90ca3e98e6) Importer(815301076,1909f56bfc062723c751e8b465ee728b)  -> (artifact id: '42dc97f732c6867ab72beb5b5c3c83f4') in 0.017618 seconds
  Import took 0.020638 seconds .

========================================================================
Received Import Request.
  Time since last request: 0.000212 seconds.
  path: Assets/Sprites/Pickups/Shotgun Pickup.png
  artifactKey: Guid(6eb56bac2ae57e64588aad249a8d2b2b) Importer(815301076,1909f56bfc062723c751e8b465ee728b)
Start importing Assets/Sprites/Pickups/Shotgun Pickup.png using Guid(6eb56bac2ae57e64588aad249a8d2b2b) Importer(815301076,1909f56bfc062723c751e8b465ee728b)  -> (artifact id: '5a5c0dbbd59ad374b92d35ef53c27c31') in 0.010179 seconds
  Import took 0.013841 seconds .

========================================================================
Received Import Request.
  Time since last request: 13.015962 seconds.
  path: Assets/Sprites/Pickups/grapplegunammopickup.png
  artifactKey: Guid(6c5131c7816e92e4c921cd47512a507b) Importer(815301076,1909f56bfc062723c751e8b465ee728b)
Start importing Assets/Sprites/Pickups/grapplegunammopickup.png using Guid(6c5131c7816e92e4c921cd47512a507b) Importer(815301076,1909f56bfc062723c751e8b465ee728b)  -> (artifact id: 'e773f7df474ee7a05d04b715438826d5') in 0.012321 seconds
  Import took 0.015118 seconds .

========================================================================
Received Import Request.
  Time since last request: 0.003036 seconds.
  path: Assets/Sprites/Pickups/grapplegunammopickup.png
  artifactKey: Guid(6c5131c7816e92e4c921cd47512a507b) Importer(815301076,1909f56bfc062723c751e8b465ee728b)
Start importing Assets/Sprites/Pickups/grapplegunammopickup.png using Guid(6c5131c7816e92e4c921cd47512a507b) Importer(815301076,1909f56bfc062723c751e8b465ee728b)  -> (artifact id: 'e773f7df474ee7a05d04b715438826d5') in 0.007378 seconds
  Import took 0.011489 seconds .

========================================================================
Received Import Request.
  Time since last request: 11.272547 seconds.
  path: Assets/Sprites/Pickups/grapplegunammopickup.png
  artifactKey: Guid(6c5131c7816e92e4c921cd47512a507b) Importer(815301076,1909f56bfc062723c751e8b465ee728b)
Start importing Assets/Sprites/Pickups/grapplegunammopickup.png using Guid(6c5131c7816e92e4c921cd47512a507b) Importer(815301076,1909f56bfc062723c751e8b465ee728b)  -> (artifact id: '39e238655ba0f755962a2c62e74a2230') in 0.011987 seconds
  Import took 0.015205 seconds .

========================================================================
Received Import Request.
  Time since last request: 30.833231 seconds.
  path: Assets/Prefabs
  artifactKey: Guid(79468f2e47ae75c4184317be9d1a92d7) Importer(815301076,1909f56bfc062723c751e8b465ee728b)
Start importing Assets/Prefabs using Guid(79468f2e47ae75c4184317be9d1a92d7) Importer(815301076,1909f56bfc062723c751e8b465ee728b)  -> (artifact id: '68e0cc7005dadf90935db707d090972a') in 0.006942 seconds
  Import took 0.010245 seconds .

========================================================================
Received Import Request.
  Time since last request: 0.053646 seconds.
  path: Assets/Prefabs/BlueButton.prefab
  artifactKey: Guid(7debc5291eb620344ad446c5fe09ad90) Importer(815301076,1909f56bfc062723c751e8b465ee728b)
Start importing Assets/Prefabs/BlueButton.prefab using Guid(7debc5291eb620344ad446c5fe09ad90) Importer(815301076,1909f56bfc062723c751e8b465ee728b)  -> (artifact id: '4c092847ccffc5a582e81c5857e31244') in 0.039130 seconds
  Import took 0.042593 seconds .

========================================================================
Received Import Request.
  Time since last request: 0.000302 seconds.
  path: Assets/Prefabs/GrapplePoint.prefab
  artifactKey: Guid(7a8855a586ba15c46bd32494fbd2cece) Importer(815301076,1909f56bfc062723c751e8b465ee728b)
Start importing Assets/Prefabs/GrapplePoint.prefab using Guid(7a8855a586ba15c46bd32494fbd2cece) Importer(815301076,1909f56bfc062723c751e8b465ee728b)  -> (artifact id: '20dd17353174a95931e8433d42005860') in 0.026025 seconds
  Import took 0.028763 seconds .

========================================================================
Received Import Request.
  Time since last request: 0.000293 seconds.
  path: Assets/Prefabs/RedButton.prefab
  artifactKey: Guid(3681bf4ebdc3fa541a7704c907de0e5f) Importer(815301076,1909f56bfc062723c751e8b465ee728b)
Start importing Assets/Prefabs/RedButton.prefab using Guid(3681bf4ebdc3fa541a7704c907de0e5f) Importer(815301076,1909f56bfc062723c751e8b465ee728b)  -> (artifact id: '7fbe6f2c6f8fbfab76ac373bc92c7f71') in 0.020281 seconds
  Import took 0.023527 seconds .

========================================================================
Received Import Request.
  Time since last request: 0.000236 seconds.
  path: Assets/Prefabs/Player.prefab
  artifactKey: Guid(5014468dfcef7854ab63ca23bf1abc03) Importer(815301076,1909f56bfc062723c751e8b465ee728b)
Start importing Assets/Prefabs/Player.prefab using Guid(5014468dfcef7854ab63ca23bf1abc03) Importer(815301076,1909f56bfc062723c751e8b465ee728b)  -> (artifact id: '3ca394812fd853c5199ee0ee25dc85c4') in 0.013287 seconds
  Import took 0.016564 seconds .

========================================================================
Received Import Request.
  Time since last request: 0.000218 seconds.
  path: Assets/Prefabs/Door.prefab
  artifactKey: Guid(138f8a10910e0c44795f4ee5e34c22d2) Importer(815301076,1909f56bfc062723c751e8b465ee728b)
Start importing Assets/Prefabs/Door.prefab using Guid(138f8a10910e0c44795f4ee5e34c22d2) Importer(815301076,1909f56bfc062723c751e8b465ee728b)  -> (artifact id: 'a0af2b81907b813c673f92c4175e0f4b') in 0.045457 seconds
  Import took 0.049066 seconds .

========================================================================
Received Import Request.
  Time since last request: 0.000227 seconds.
  path: Assets/Prefabs/WinBox.prefab
  artifactKey: Guid(22752a4003cdb4a4dad50d113e1e22d6) Importer(815301076,1909f56bfc062723c751e8b465ee728b)
Start importing Assets/Prefabs/WinBox.prefab using Guid(22752a4003cdb4a4dad50d113e1e22d6) Importer(815301076,1909f56bfc062723c751e8b465ee728b)  -> (artifact id: '8c6cb280bc77a3112a5d98e2a21881a4') in 0.009668 seconds
  Import took 0.012911 seconds .

========================================================================
Received Import Request.
  Time since last request: 0.000195 seconds.
  path: Assets/Prefabs/Settings.prefab
  artifactKey: Guid(20c7427dd93e21f4683e31a60b78a627) Importer(815301076,1909f56bfc062723c751e8b465ee728b)
Start importing Assets/Prefabs/Settings.prefab using Guid(20c7427dd93e21f4683e31a60b78a627) Importer(815301076,1909f56bfc062723c751e8b465ee728b)  -> (artifact id: 'ac033ad79d4af9836f2205e3ce304921') in 0.114381 seconds
  Import took 0.118058 seconds .

========================================================================
Received Import Request.
  Time since last request: 0.000169 seconds.
  path: Assets/Prefabs/BlueDoor.prefab
  artifactKey: Guid(93545fe642ee37f4287038adf1b50e9c) Importer(815301076,1909f56bfc062723c751e8b465ee728b)
Start importing Assets/Prefabs/BlueDoor.prefab using Guid(93545fe642ee37f4287038adf1b50e9c) Importer(815301076,1909f56bfc062723c751e8b465ee728b)  -> (artifact id: '66efde93e90dc4e2d38b9d6c4383380f') in 0.015921 seconds
  Import took 0.018429 seconds .

========================================================================
Received Import Request.
  Time since last request: 0.000214 seconds.
  path: Assets/Prefabs/Pillar.prefab
  artifactKey: Guid(d2670ec6a1a445e4ca1db677fc46e08a) Importer(815301076,1909f56bfc062723c751e8b465ee728b)
Start importing Assets/Prefabs/Pillar.prefab using Guid(d2670ec6a1a445e4ca1db677fc46e08a) Importer(815301076,1909f56bfc062723c751e8b465ee728b)  -> (artifact id: 'dc9b467b240bcb8f093ae2e9af59f03c') in 0.019551 seconds
  Import took 0.023077 seconds .

========================================================================
Received Import Request.
  Time since last request: 0.000197 seconds.
  path: Assets/Prefabs/HitEffect.prefab
  artifactKey: Guid(8b40a3302a1e9f444ac62fee5de4afe7) Importer(815301076,1909f56bfc062723c751e8b465ee728b)
Start importing Assets/Prefabs/HitEffect.prefab using Guid(8b40a3302a1e9f444ac62fee5de4afe7) Importer(815301076,1909f56bfc062723c751e8b465ee728b)  -> (artifact id: '9c02c867405f995b3f2aab0c3fba12e6') in 0.024155 seconds
  Import took 0.027257 seconds .

========================================================================
Received Import Request.
  Time since last request: 0.000204 seconds.
  path: Assets/Prefabs/UI.prefab
  artifactKey: Guid(f1d9ac43815414442b2c5996161c2948) Importer(815301076,1909f56bfc062723c751e8b465ee728b)
Start importing Assets/Prefabs/UI.prefab using Guid(f1d9ac43815414442b2c5996161c2948) Importer(815301076,1909f56bfc062723c751e8b465ee728b)  -> (artifact id: '98e02d6b32153a0e0059be6ee447a10c') in 0.061399 seconds
  Import took 0.065292 seconds .

========================================================================
Received Import Request.
  Time since last request: 0.000168 seconds.
  path: Assets/Prefabs/RedDoor.prefab
  artifactKey: Guid(f9b4890f6421e80448fc1fc7be3fb1be) Importer(815301076,1909f56bfc062723c751e8b465ee728b)
Start importing Assets/Prefabs/RedDoor.prefab using Guid(f9b4890f6421e80448fc1fc7be3fb1be) Importer(815301076,1909f56bfc062723c751e8b465ee728b)  -> (artifact id: 'fbef1469dc43b178cf3220e653c80555') in 0.016258 seconds
  Import took 0.019081 seconds .

========================================================================
Received Import Request.
  Time since last request: 0.543286 seconds.
  path: Assets/Prefabs/Pickups
  artifactKey: Guid(e810ad4ddeb539c4b97a2adb879dce13) Importer(815301076,1909f56bfc062723c751e8b465ee728b)
Start importing Assets/Prefabs/Pickups using Guid(e810ad4ddeb539c4b97a2adb879dce13) Importer(815301076,1909f56bfc062723c751e8b465ee728b)  -> (artifact id: 'cae31308f6ee2968a7b82651f84312de') in 0.002619 seconds
  Import took 0.006128 seconds .

========================================================================
Received Import Request.
  Time since last request: 0.000310 seconds.
  path: Assets/Prefabs/Pickups
  artifactKey: Guid(e810ad4ddeb539c4b97a2adb879dce13) Importer(815301076,1909f56bfc062723c751e8b465ee728b)
Start importing Assets/Prefabs/Pickups using Guid(e810ad4ddeb539c4b97a2adb879dce13) Importer(815301076,1909f56bfc062723c751e8b465ee728b)  -> (artifact id: 'cae31308f6ee2968a7b82651f84312de') in 0.002721 seconds
  Import took 0.006124 seconds .

========================================================================
Received Import Request.
  Time since last request: 0.041308 seconds.
  path: Assets/Prefabs/Pickups/AmmoPickup.prefab
  artifactKey: Guid(a9f5cf08a171a3f4fb157ed9978dbcd6) Importer(815301076,1909f56bfc062723c751e8b465ee728b)
Start importing Assets/Prefabs/Pickups/AmmoPickup.prefab using Guid(a9f5cf08a171a3f4fb157ed9978dbcd6) Importer(815301076,1909f56bfc062723c751e8b465ee728b)  -> (artifact id: '6a3418cb1a3b6a3b6cef17813ad78523') in 0.017435 seconds
  Import took 0.020422 seconds .

========================================================================
Received Import Request.
  Time since last request: 0.000308 seconds.
  path: Assets/Prefabs/Pickups/ShotgunPickup.prefab
  artifactKey: Guid(078d326547ab7574581204ae836707ec) Importer(815301076,1909f56bfc062723c751e8b465ee728b)
Start importing Assets/Prefabs/Pickups/ShotgunPickup.prefab using Guid(078d326547ab7574581204ae836707ec) Importer(815301076,1909f56bfc062723c751e8b465ee728b)  -> (artifact id: '97a2fcd80f8029196749bdb9e2fc8a67') in 0.017770 seconds
  Import took 0.021111 seconds .

========================================================================
Received Import Request.
  Time since last request: 0.000291 seconds.
  path: Assets/Prefabs/Pickups/Grapplegun_Pickup.prefab
  artifactKey: Guid(684ced1b09d9a244bb93f4a6683a05ce) Importer(815301076,1909f56bfc062723c751e8b465ee728b)
Start importing Assets/Prefabs/Pickups/Grapplegun_Pickup.prefab using Guid(684ced1b09d9a244bb93f4a6683a05ce) Importer(815301076,1909f56bfc062723c751e8b465ee728b)  -> (artifact id: '3733bc434228bbb9ede1a0acdfce022b') in 0.014935 seconds
  Import took 0.017795 seconds .

========================================================================
Received Import Request.
  Time since last request: 0.000243 seconds.
  path: Assets/Prefabs/Pickups/HealthPickup.prefab
  artifactKey: Guid(94d84c7b07e780345a7c615a94a919f6) Importer(815301076,1909f56bfc062723c751e8b465ee728b)
Start importing Assets/Prefabs/Pickups/HealthPickup.prefab using Guid(94d84c7b07e780345a7c615a94a919f6) Importer(815301076,1909f56bfc062723c751e8b465ee728b)  -> (artifact id: 'd82c5f8ca2c628fb157681904379ea45') in 0.016591 seconds
  Import took 0.019785 seconds .

========================================================================
Received Import Request.
  Time since last request: 0.000312 seconds.
  path: Assets/Prefabs/Pickups/ShotgunAmmoPickup.prefab
  artifactKey: Guid(877fe214dce98104b9294b586d67a03c) Importer(815301076,1909f56bfc062723c751e8b465ee728b)
Start importing Assets/Prefabs/Pickups/ShotgunAmmoPickup.prefab using Guid(877fe214dce98104b9294b586d67a03c) Importer(815301076,1909f56bfc062723c751e8b465ee728b)  -> (artifact id: 'fb0ec9b4261fefe2a1d0ad25b7d84aa0') in 0.016790 seconds
  Import took 0.019679 seconds .

========================================================================
Received Import Request.
  Time since last request: 5.032481 seconds.
  path: Assets/Prefabs/Pickups/ShotgunAmmoPickup 1.prefab
  artifactKey: Guid(73b11edbc75ce274f962da718dd2d9a0) Importer(815301076,1909f56bfc062723c751e8b465ee728b)
Start importing Assets/Prefabs/Pickups/ShotgunAmmoPickup 1.prefab using Guid(73b11edbc75ce274f962da718dd2d9a0) Importer(815301076,1909f56bfc062723c751e8b465ee728b)  -> (artifact id: 'f8c17ee94d0cc9fff8364d8ee69b1990') in 0.012363 seconds
  Import took 0.015346 seconds .

========================================================================
Received Import Request.
  Time since last request: 0.001514 seconds.
  path: Assets/Prefabs/Pickups/ShotgunAmmoPickup 1.prefab
  artifactKey: Guid(73b11edbc75ce274f962da718dd2d9a0) Importer(815301076,1909f56bfc062723c751e8b465ee728b)
Start importing Assets/Prefabs/Pickups/ShotgunAmmoPickup 1.prefab using Guid(73b11edbc75ce274f962da718dd2d9a0) Importer(815301076,1909f56bfc062723c751e8b465ee728b)  -> (artifact id: 'f8c17ee94d0cc9fff8364d8ee69b1990') in 0.009527 seconds
  Import took 0.012142 seconds .

========================================================================
Received Import Request.
  Time since last request: 11.885311 seconds.
  path: Assets/Prefabs/Pickups/GrapplegunAmmoPickup.prefab
  artifactKey: Guid(73b11edbc75ce274f962da718dd2d9a0) Importer(815301076,1909f56bfc062723c751e8b465ee728b)
Start importing Assets/Prefabs/Pickups/GrapplegunAmmoPickup.prefab using Guid(73b11edbc75ce274f962da718dd2d9a0) Importer(815301076,1909f56bfc062723c751e8b465ee728b)  -> (artifact id: '165193bf659b2dff77a71538e3703a34') in 0.014759 seconds
  Import took 0.017894 seconds .

========================================================================
Received Import Request.
  Time since last request: 11.311073 seconds.
  path: Assets/Prefabs/Pickups/GrapplegunAmmoPickup.prefab
  artifactKey: Guid(73b11edbc75ce274f962da718dd2d9a0) Importer(815301076,1909f56bfc062723c751e8b465ee728b)
Start importing Assets/Prefabs/Pickups/GrapplegunAmmoPickup.prefab using Guid(73b11edbc75ce274f962da718dd2d9a0) Importer(815301076,1909f56bfc062723c751e8b465ee728b)  -> (artifact id: '4213c541ab154907e9f12f9318c14d80') in 0.012546 seconds
  Import took 0.015137 seconds .

========================================================================
Received Import Request.
  Time since last request: 85.360212 seconds.
  path: Assets/Scripts/Weapons
  artifactKey: Guid(4206052811b2f284f96e8ee70f5e4a7b) Importer(815301076,1909f56bfc062723c751e8b465ee728b)
Start importing Assets/Scripts/Weapons using Guid(4206052811b2f284f96e8ee70f5e4a7b) Importer(815301076,1909f56bfc062723c751e8b465ee728b)  -> (artifact id: 'cd6999f732e1b1ce7726f4a17800230f') in 0.006517 seconds
  Import took 0.009825 seconds .

========================================================================
Received Import Request.
  Time since last request: 1.389538 seconds.
  path: Assets/Scripts/Weapons/AbstractGun.cs
  artifactKey: Guid(cae5aedc81c4eed42b6f0fb068fdc44b) Importer(815301076,1909f56bfc062723c751e8b465ee728b)
Start importing Assets/Scripts/Weapons/AbstractGun.cs using Guid(cae5aedc81c4eed42b6f0fb068fdc44b) Importer(815301076,1909f56bfc062723c751e8b465ee728b)  -> (artifact id: 'd461fb5231c6866c111def273217e035') in 0.017150 seconds
  Import took 0.019964 seconds .

========================================================================
Received Prepare
Registering precompiled user dll's ...
Registered in 0.001107 seconds.
Begin MonoManager ReloadAssembly
Native extension for WindowsStandalone target not found
Native extension for WebGL target not found
Refreshing native plugins compatible for Editor in 0.31 ms, found 0 plugins.
Preloading 0 native plugins for Editor in 0.00 ms.
Invoked RoslynAnalysisRunner static constructor.
RoslynAnalysisRunner will not be running.
RoslynAnalysisRunner has terminated.
Mono: successfully reloaded assembly
- Completed reload, in  0.903 seconds
Platform modules already initialized, skipping
Refreshing native plugins compatible for Editor in 0.28 ms, found 0 plugins.
Preloading 0 native plugins for Editor in 0.00 ms.
Unloading 1549 Unused Serialized files (Serialized files now loaded: 0)
System memory in use before: 82.8 MB.
System memory in use after: 82.9 MB.

Unloading 13 unused Assets to reduce memory usage. Loaded Objects now: 2090.
Total: 1.730600 ms (FindLiveObjects: 0.161500 ms CreateObjectMapping: 0.052300 ms MarkObjects: 1.456200 ms  DeleteObjects: 0.059600 ms)

========================================================================
Received Import Request.
  Time since last request: 37.807418 seconds.
  path: Assets/Scripts/Pickups/AmmoPickup.cs
  artifactKey: Guid(bd87deaf4fcea6647bd67dcbdf355c3a) Importer(815301076,1909f56bfc062723c751e8b465ee728b)
Start importing Assets/Scripts/Pickups/AmmoPickup.cs using Guid(bd87deaf4fcea6647bd67dcbdf355c3a) Importer(815301076,1909f56bfc062723c751e8b465ee728b)  -> (artifact id: 'a1c22a1b53e1dab7a855c075885c838b') in 0.007840 seconds
  Import took 0.011090 seconds .

========================================================================
Received Import Request.
  Time since last request: 19.545423 seconds.
  path: Assets/Scripts/Pickups
  artifactKey: Guid(d62018105498f6f43aadf00b0bb7492b) Importer(815301076,1909f56bfc062723c751e8b465ee728b)
Start importing Assets/Scripts/Pickups using Guid(d62018105498f6f43aadf00b0bb7492b) Importer(815301076,1909f56bfc062723c751e8b465ee728b)  -> (artifact id: 'c22f65969d0e3865f2063aef7106b0b6') in 0.002724 seconds
  Import took 0.005773 seconds .

========================================================================
Received Import Request.
  Time since last request: 13.982805 seconds.
  path: Assets/Scripts/Pickups/GrapplegunAmmoScript.cs
  artifactKey: Guid(f988027a1eb7a804f89c12bb25e173a4) Importer(815301076,1909f56bfc062723c751e8b465ee728b)
Start importing Assets/Scripts/Pickups/GrapplegunAmmoScript.cs using Guid(f988027a1eb7a804f89c12bb25e173a4) Importer(815301076,1909f56bfc062723c751e8b465ee728b)  -> (artifact id: '48edb94a3b8a07ffb7756762ff2eb614') in 0.007965 seconds
  Import took 0.013292 seconds .

========================================================================
Received Prepare
Registering precompiled user dll's ...
Registered in 0.001140 seconds.
Begin MonoManager ReloadAssembly
Native extension for WindowsStandalone target not found
Native extension for WebGL target not found
Refreshing native plugins compatible for Editor in 0.35 ms, found 0 plugins.
Preloading 0 native plugins for Editor in 0.00 ms.
Invoked RoslynAnalysisRunner static constructor.
RoslynAnalysisRunner will not be running.
RoslynAnalysisRunner has terminated.
Mono: successfully reloaded assembly
- Completed reload, in  1.012 seconds
Platform modules already initialized, skipping
Refreshing native plugins compatible for Editor in 0.27 ms, found 0 plugins.
Preloading 0 native plugins for Editor in 0.00 ms.
Unloading 1550 Unused Serialized files (Serialized files now loaded: 0)
System memory in use before: 82.8 MB.
System memory in use after: 82.9 MB.

Unloading 6 unused Assets to reduce memory usage. Loaded Objects now: 2094.
Total: 2.437600 ms (FindLiveObjects: 0.225000 ms CreateObjectMapping: 0.074300 ms MarkObjects: 2.088800 ms  DeleteObjects: 0.048700 ms)

========================================================================
Received Prepare
Registering precompiled user dll's ...
Registered in 0.001102 seconds.
Begin MonoManager ReloadAssembly
Native extension for WindowsStandalone target not found
Native extension for WebGL target not found
Refreshing native plugins compatible for Editor in 0.26 ms, found 0 plugins.
Preloading 0 native plugins for Editor in 0.00 ms.
Invoked RoslynAnalysisRunner static constructor.
RoslynAnalysisRunner will not be running.
RoslynAnalysisRunner has terminated.
Mono: successfully reloaded assembly
- Completed reload, in  0.939 seconds
Platform modules already initialized, skipping
Refreshing native plugins compatible for Editor in 0.29 ms, found 0 plugins.
Preloading 0 native plugins for Editor in 0.00 ms.
Unloading 1550 Unused Serialized files (Serialized files now loaded: 0)
System memory in use before: 82.8 MB.
System memory in use after: 82.9 MB.

Unloading 6 unused Assets to reduce memory usage. Loaded Objects now: 2097.
Total: 2.007900 ms (FindLiveObjects: 0.249800 ms CreateObjectMapping: 0.058400 ms MarkObjects: 1.622500 ms  DeleteObjects: 0.075400 ms)

========================================================================
Received Import Request.
  Time since last request: 198.222782 seconds.
  path: Assets/Scripts/Pickups/GrapplegunAmmoScript.cs
  artifactKey: Guid(f988027a1eb7a804f89c12bb25e173a4) Importer(815301076,1909f56bfc062723c751e8b465ee728b)
Start importing Assets/Scripts/Pickups/GrapplegunAmmoScript.cs using Guid(f988027a1eb7a804f89c12bb25e173a4) Importer(815301076,1909f56bfc062723c751e8b465ee728b)  -> (artifact id: '810189125c21f96a1b7c2e104c137eef') in 0.004933 seconds
  Import took 0.008489 seconds .

========================================================================
Received Prepare
Registering precompiled user dll's ...
Registered in 0.001117 seconds.
Begin MonoManager ReloadAssembly
Native extension for WindowsStandalone target not found
Native extension for WebGL target not found
Refreshing native plugins compatible for Editor in 0.27 ms, found 0 plugins.
Preloading 0 native plugins for Editor in 0.00 ms.
Invoked RoslynAnalysisRunner static constructor.
RoslynAnalysisRunner will not be running.
RoslynAnalysisRunner has terminated.
Mono: successfully reloaded assembly
- Completed reload, in  0.903 seconds
Platform modules already initialized, skipping
Refreshing native plugins compatible for Editor in 0.27 ms, found 0 plugins.
Preloading 0 native plugins for Editor in 0.00 ms.
Unloading 1550 Unused Serialized files (Serialized files now loaded: 0)
System memory in use before: 82.8 MB.
System memory in use after: 82.9 MB.

Unloading 6 unused Assets to reduce memory usage. Loaded Objects now: 2100.
Total: 3.875200 ms (FindLiveObjects: 0.366400 ms CreateObjectMapping: 0.148600 ms MarkObjects: 3.279000 ms  DeleteObjects: 0.079500 ms)

========================================================================
Received Prepare
Registering precompiled user dll's ...
Registered in 0.001125 seconds.
Begin MonoManager ReloadAssembly
Native extension for WindowsStandalone target not found
Native extension for WebGL target not found
Refreshing native plugins compatible for Editor in 0.28 ms, found 0 plugins.
Preloading 0 native plugins for Editor in 0.00 ms.
Invoked RoslynAnalysisRunner static constructor.
RoslynAnalysisRunner will not be running.
RoslynAnalysisRunner has terminated.
Mono: successfully reloaded assembly
- Completed reload, in  0.909 seconds
Platform modules already initialized, skipping
Refreshing native plugins compatible for Editor in 0.28 ms, found 0 plugins.
Preloading 0 native plugins for Editor in 0.00 ms.
Unloading 1550 Unused Serialized files (Serialized files now loaded: 0)
System memory in use before: 82.8 MB.
System memory in use after: 82.9 MB.

Unloading 6 unused Assets to reduce memory usage. Loaded Objects now: 2103.
Total: 2.155700 ms (FindLiveObjects: 0.147500 ms CreateObjectMapping: 0.045600 ms MarkObjects: 1.913500 ms  DeleteObjects: 0.048200 ms)

========================================================================
Received Import Request.
  Time since last request: 220.223664 seconds.
  path: Assets/Prefabs/Player.prefab
  artifactKey: Guid(5014468dfcef7854ab63ca23bf1abc03) Importer(815301076,1909f56bfc062723c751e8b465ee728b)
Start importing Assets/Prefabs/Player.prefab using Guid(5014468dfcef7854ab63ca23bf1abc03) Importer(815301076,1909f56bfc062723c751e8b465ee728b)  -> (artifact id: 'acf19a105eb03c4dfa138dddafd35745') in 0.025036 seconds
  Import took 0.028314 seconds .

========================================================================
Received Import Request.
  Time since last request: 0.000291 seconds.
  path: Assets/Prefabs/UI.prefab
  artifactKey: Guid(f1d9ac43815414442b2c5996161c2948) Importer(815301076,1909f56bfc062723c751e8b465ee728b)
Start importing Assets/Prefabs/UI.prefab using Guid(f1d9ac43815414442b2c5996161c2948) Importer(815301076,1909f56bfc062723c751e8b465ee728b)  -> (artifact id: 'd82e17213ae1b9251ce0a1a581f1580d') in 0.120280 seconds
  Import took 0.124279 seconds .

========================================================================
Received Import Request.
  Time since last request: 0.706605 seconds.
  path: Assets/Prefabs/Pickups/GrapplegunAmmoPickup.prefab
  artifactKey: Guid(73b11edbc75ce274f962da718dd2d9a0) Importer(815301076,1909f56bfc062723c751e8b465ee728b)
Start importing Assets/Prefabs/Pickups/GrapplegunAmmoPickup.prefab using Guid(73b11edbc75ce274f962da718dd2d9a0) Importer(815301076,1909f56bfc062723c751e8b465ee728b)  -> (artifact id: 'f218f7ca695c9a8fe7c5f66d039adc72') in 0.033672 seconds
  Import took 0.036546 seconds .

========================================================================
Received Prepare
Registering precompiled user dll's ...
Registered in 0.001253 seconds.
Begin MonoManager ReloadAssembly
Native extension for WindowsStandalone target not found
Native extension for WebGL target not found
Refreshing native plugins compatible for Editor in 0.26 ms, found 0 plugins.
Preloading 0 native plugins for Editor in 0.00 ms.
Invoked RoslynAnalysisRunner static constructor.
RoslynAnalysisRunner will not be running.
RoslynAnalysisRunner has terminated.
Mono: successfully reloaded assembly
- Completed reload, in  0.864 seconds
Platform modules already initialized, skipping
Refreshing native plugins compatible for Editor in 0.28 ms, found 0 plugins.
Preloading 0 native plugins for Editor in 0.00 ms.
Unloading 1550 Unused Serialized files (Serialized files now loaded: 0)
System memory in use before: 82.9 MB.
System memory in use after: 83.0 MB.

Unloading 12 unused Assets to reduce memory usage. Loaded Objects now: 2107.
Total: 2.192400 ms (FindLiveObjects: 0.191100 ms CreateObjectMapping: 0.072800 ms MarkObjects: 1.866300 ms  DeleteObjects: 0.061200 ms)

========================================================================
Received Prepare
Registering precompiled user dll's ...
Registered in 0.001388 seconds.
Begin MonoManager ReloadAssembly
Native extension for WindowsStandalone target not found
Native extension for WebGL target not found
Refreshing native plugins compatible for Editor in 0.27 ms, found 0 plugins.
Preloading 0 native plugins for Editor in 0.00 ms.
Invoked RoslynAnalysisRunner static constructor.
RoslynAnalysisRunner will not be running.
RoslynAnalysisRunner has terminated.
Mono: successfully reloaded assembly
- Completed reload, in  0.837 seconds
Platform modules already initialized, skipping
Refreshing native plugins compatible for Editor in 0.27 ms, found 0 plugins.
Preloading 0 native plugins for Editor in 0.00 ms.
Unloading 1550 Unused Serialized files (Serialized files now loaded: 0)
System memory in use before: 82.9 MB.
System memory in use after: 82.9 MB.

Unloading 6 unused Assets to reduce memory usage. Loaded Objects now: 2110.
Total: 2.712400 ms (FindLiveObjects: 0.172400 ms CreateObjectMapping: 0.060100 ms MarkObjects: 2.428800 ms  DeleteObjects: 0.049600 ms)

========================================================================
Received Import Request.
  Time since last request: 237.445354 seconds.
  path: Assets/Scripts/Pickups/HealthPickup.cs
  artifactKey: Guid(c336bccb3f1cae547ad91c7197dbe914) Importer(815301076,1909f56bfc062723c751e8b465ee728b)
Start importing Assets/Scripts/Pickups/HealthPickup.cs using Guid(c336bccb3f1cae547ad91c7197dbe914) Importer(815301076,1909f56bfc062723c751e8b465ee728b)  -> (artifact id: 'a600dc7b641c688ded4f483327f49bdb') in 0.005323 seconds
  Import took 0.007928 seconds .

========================================================================
Received Prepare
Registering precompiled user dll's ...
Registered in 0.001353 seconds.
Begin MonoManager ReloadAssembly
Native extension for WindowsStandalone target not found
Native extension for WebGL target not found
Refreshing native plugins compatible for Editor in 0.28 ms, found 0 plugins.
Preloading 0 native plugins for Editor in 0.00 ms.
Invoked RoslynAnalysisRunner static constructor.
RoslynAnalysisRunner will not be running.
RoslynAnalysisRunner has terminated.
Mono: successfully reloaded assembly
- Completed reload, in  0.867 seconds
Platform modules already initialized, skipping
Refreshing native plugins compatible for Editor in 0.27 ms, found 0 plugins.
Preloading 0 native plugins for Editor in 0.00 ms.
Unloading 1550 Unused Serialized files (Serialized files now loaded: 0)
System memory in use before: 82.9 MB.
System memory in use after: 83.0 MB.

Unloading 6 unused Assets to reduce memory usage. Loaded Objects now: 2113.
Total: 2.115500 ms (FindLiveObjects: 0.169000 ms CreateObjectMapping: 0.048000 ms MarkObjects: 1.847000 ms  DeleteObjects: 0.050600 ms)

AssetImportWorkerClient::OnTransportError - code=2 error=End of file
