Using pre-set license
Built from '2020.3/release' branch; Version is '2020.3.1f1 (77a89f25062f) revision 7841951'; Using compiler version '192528614'; Build Type 'Release'
OS: 'Windows 10 Pro; OS build 19042.1110; Version 2009; 64bit' Language: 'en' Physical Memory: 16335 MB
BatchMode: 1, IsHumanControllingUs: 0, StartBugReporterOnCrash: 0, Is64bit: 1, IsPro: 0

 COMMAND LINE ARGUMENTS:
C:\Program Files\Unity\Hub\Editor\2020.3.1f1\Editor\Unity.exe
-adb2
-batchMode
-noUpm
-name
AssetImportWorker1
-projectPath
C:/Users/Dylan/Documents/GitHub/UnityJam
-logFile
Logs/AssetImportWorker1.log
-srvPort
59643
Successfully changed project path to: C:/Users/Dylan/Documents/GitHub/UnityJam
C:/Users/Dylan/Documents/GitHub/UnityJam
Using Asset Import Pipeline V2.
Refreshing native plugins compatible for Editor in 51.01 ms, found 0 plugins.
Preloading 0 native plugins for Editor in 0.00 ms.
Initialize engine version: 2020.3.1f1 (77a89f25062f)
[Subsystems] Discovering subsystems at path C:/Program Files/Unity/Hub/Editor/2020.3.1f1/Editor/Data/Resources/UnitySubsystems
[Subsystems] Discovering subsystems at path C:/Users/Dylan/Documents/GitHub/UnityJam/Assets
GfxDevice: creating device client; threaded=0
Direct3D:
    Version:  Direct3D 11.0 [level 11.1]
    Renderer: NVIDIA GeForce GTX 1060 3GB (ID=0x1c02)
    Vendor:   
    VRAM:     2988 MB
    Driver:   27.21.14.5671
Initialize mono
Mono path[0] = 'C:/Program Files/Unity/Hub/Editor/2020.3.1f1/Editor/Data/Managed'
Mono path[1] = 'C:/Program Files/Unity/Hub/Editor/2020.3.1f1/Editor/Data/MonoBleedingEdge/lib/mono/unityjit'
Mono config path = 'C:/Program Files/Unity/Hub/Editor/2020.3.1f1/Editor/Data/MonoBleedingEdge/etc'
Using monoOptions --debugger-agent=transport=dt_socket,embedding=1,server=y,suspend=n,address=127.0.0.1:56544
Begin MonoManager ReloadAssembly
Registering precompiled unity dll's ...
Register platform support module: C:/Program Files/Unity/Hub/Editor/2020.3.1f1/Editor/Data/PlaybackEngines/WindowsStandaloneSupport/UnityEditor.WindowsStandalone.Extensions.dll
Registered in 0.003489 seconds.
Native extension for WindowsStandalone target not found
Refreshing native plugins compatible for Editor in 47.61 ms, found 0 plugins.
Preloading 0 native plugins for Editor in 0.00 ms.
Invoked RoslynAnalysisRunner static constructor.
RoslynAnalysisRunner will not be running.
RoslynAnalysisRunner has terminated.
Mono: successfully reloaded assembly
- Completed reload, in  1.556 seconds
Platform modules already initialized, skipping
Registering precompiled user dll's ...
Registered in 0.001936 seconds.
Begin MonoManager ReloadAssembly
Native extension for WindowsStandalone target not found
Refreshing native plugins compatible for Editor in 0.44 ms, found 0 plugins.
Preloading 0 native plugins for Editor in 0.00 ms.
Invoked RoslynAnalysisRunner static constructor.
RoslynAnalysisRunner will not be running.
RoslynAnalysisRunner has terminated.
Mono: successfully reloaded assembly
- Completed reload, in  1.823 seconds
Platform modules already initialized, skipping
========================================================================
Worker process is ready to serve import requests
Launched and connected shader compiler UnityShaderCompiler.exe after 0.08 seconds
Refreshing native plugins compatible for Editor in 0.54 ms, found 0 plugins.
Preloading 0 native plugins for Editor in 0.00 ms.
Unloading 1562 Unused Serialized files (Serialized files now loaded: 0)
System memory in use before: 79.8 MB.
System memory in use after: 79.8 MB.

Unloading 11 unused Assets to reduce memory usage. Loaded Objects now: 2005.
Total: 2.697200 ms (FindLiveObjects: 0.233800 ms CreateObjectMapping: 0.047300 ms MarkObjects: 2.305300 ms  DeleteObjects: 0.109400 ms)

========================================================================
Received Import Request.
  path: Assets/Scripts/MainMenuScript.cs
  artifactKey: Guid(ba95d44fb03aa734f937a81bbedaceb1) Importer(815301076,1909f56bfc062723c751e8b465ee728b)
Start importing Assets/Scripts/MainMenuScript.cs using Guid(ba95d44fb03aa734f937a81bbedaceb1) Importer(815301076,1909f56bfc062723c751e8b465ee728b)  -> (artifact id: 'cace995da72959772004bfc1a21291e8') in 0.361053 seconds
  Import took 0.364679 seconds .

========================================================================
Received Import Request.
  Time since last request: 86.411039 seconds.
  path: Assets/Scripts/LevelComplete.cs
  artifactKey: Guid(3a8364bd680c5c244ba4b22ce20b72f3) Importer(815301076,1909f56bfc062723c751e8b465ee728b)
Start importing Assets/Scripts/LevelComplete.cs using Guid(3a8364bd680c5c244ba4b22ce20b72f3) Importer(815301076,1909f56bfc062723c751e8b465ee728b)  -> (artifact id: '293d912597f709ffb20dcddc7427a06d') in 0.009461 seconds
  Import took 0.012900 seconds .

========================================================================
Received Import Request.
  Time since last request: 0.003683 seconds.
  path: Assets/Scripts/LevelComplete.cs
  artifactKey: Guid(3a8364bd680c5c244ba4b22ce20b72f3) Importer(815301076,1909f56bfc062723c751e8b465ee728b)
Start importing Assets/Scripts/LevelComplete.cs using Guid(3a8364bd680c5c244ba4b22ce20b72f3) Importer(815301076,1909f56bfc062723c751e8b465ee728b)  -> (artifact id: '293d912597f709ffb20dcddc7427a06d') in 0.003620 seconds
  Import took 0.006905 seconds .

========================================================================
Received Import Request.
  Time since last request: 0.705451 seconds.
  path: Assets/Scripts/SceneLoader.cs
  artifactKey: Guid(b39a1bcc503532242ba27fe1368eb448) Importer(815301076,1909f56bfc062723c751e8b465ee728b)
Start importing Assets/Scripts/SceneLoader.cs using Guid(b39a1bcc503532242ba27fe1368eb448) Importer(815301076,1909f56bfc062723c751e8b465ee728b)  -> (artifact id: 'f8bda9ed8ffa3c6fd85b6e7801d5dd33') in 0.040822 seconds
  Import took 0.043998 seconds .

========================================================================
Received Import Request.
  Time since last request: 0.491523 seconds.
  path: Assets/Scripts/TimerDestroy.cs
  artifactKey: Guid(5cd9a68a74346704394a9f343a87a6fc) Importer(815301076,1909f56bfc062723c751e8b465ee728b)
Start importing Assets/Scripts/TimerDestroy.cs using Guid(5cd9a68a74346704394a9f343a87a6fc) Importer(815301076,1909f56bfc062723c751e8b465ee728b)  -> (artifact id: 'd053c150f4d9b6666de8dcd1cc482332') in 0.008793 seconds
  Import took 0.011958 seconds .

========================================================================
Received Import Request.
  Time since last request: 0.014715 seconds.
  path: Assets/Scripts/TimerDestroy.cs
  artifactKey: Guid(5cd9a68a74346704394a9f343a87a6fc) Importer(815301076,1909f56bfc062723c751e8b465ee728b)
Start importing Assets/Scripts/TimerDestroy.cs using Guid(5cd9a68a74346704394a9f343a87a6fc) Importer(815301076,1909f56bfc062723c751e8b465ee728b)  -> (artifact id: 'd053c150f4d9b6666de8dcd1cc482332') in 0.003332 seconds
  Import took 0.006460 seconds .

========================================================================
Received Import Request.
  Time since last request: 0.671795 seconds.
  path: Assets/Scripts/TurretBullet.cs
  artifactKey: Guid(6a924d21e69e2684c89767f190edc030) Importer(815301076,1909f56bfc062723c751e8b465ee728b)
Start importing Assets/Scripts/TurretBullet.cs using Guid(6a924d21e69e2684c89767f190edc030) Importer(815301076,1909f56bfc062723c751e8b465ee728b)  -> (artifact id: '9b45716b643d2a98f6f2db6b43905a01') in 0.008817 seconds
  Import took 0.012092 seconds .

========================================================================
Received Import Request.
  Time since last request: 0.000684 seconds.
  path: Assets/Scripts/TurretBullet.cs
  artifactKey: Guid(6a924d21e69e2684c89767f190edc030) Importer(815301076,1909f56bfc062723c751e8b465ee728b)
Start importing Assets/Scripts/TurretBullet.cs using Guid(6a924d21e69e2684c89767f190edc030) Importer(815301076,1909f56bfc062723c751e8b465ee728b)  -> (artifact id: '9b45716b643d2a98f6f2db6b43905a01') in 0.004143 seconds
  Import took 0.007544 seconds .

========================================================================
Received Import Request.
  Time since last request: 1.464677 seconds.
  path: Assets/Scripts/WeaponS
  artifactKey: Guid(4206052811b2f284f96e8ee70f5e4a7b) Importer(815301076,1909f56bfc062723c751e8b465ee728b)
Start importing Assets/Scripts/WeaponS using Guid(4206052811b2f284f96e8ee70f5e4a7b) Importer(815301076,1909f56bfc062723c751e8b465ee728b)  -> (artifact id: '079b766237adbf4d6f53cd99757eff5f') in 0.008570 seconds
  Import took 0.012133 seconds .

========================================================================
Received Import Request.
  Time since last request: 3.592278 seconds.
  path: Assets/Scripts/Pickups
  artifactKey: Guid(d62018105498f6f43aadf00b0bb7492b) Importer(815301076,1909f56bfc062723c751e8b465ee728b)
Start importing Assets/Scripts/Pickups using Guid(d62018105498f6f43aadf00b0bb7492b) Importer(815301076,1909f56bfc062723c751e8b465ee728b)  -> (artifact id: 'b54129aa5dc195e5b5aedb20f8e06aa4') in 0.009568 seconds
  Import took 0.012736 seconds .

========================================================================
Received Import Request.
  Time since last request: 2.126919 seconds.
  path: Assets/Scripts/Enemy
  artifactKey: Guid(bb73f2c50d7c7d14aa8179af11863d89) Importer(815301076,1909f56bfc062723c751e8b465ee728b)
Start importing Assets/Scripts/Enemy using Guid(bb73f2c50d7c7d14aa8179af11863d89) Importer(815301076,1909f56bfc062723c751e8b465ee728b)  -> (artifact id: '183947c68b4c349225901bd14146bad1') in 0.008797 seconds
  Import took 0.012066 seconds .

========================================================================
Received Import Request.
  Time since last request: 4.988761 seconds.
  path: Assets/Scripts
  artifactKey: Guid(4a8e30eefe568594eb6acf473d399bb7) Importer(815301076,1909f56bfc062723c751e8b465ee728b)
Start importing Assets/Scripts using Guid(4a8e30eefe568594eb6acf473d399bb7) Importer(815301076,1909f56bfc062723c751e8b465ee728b)  -> (artifact id: 'b2c99cc4146a22ab508b47b4cb1d6a5a') in 0.009136 seconds
  Import took 0.012335 seconds .

========================================================================
Received Import Request.
  Time since last request: 7.205341 seconds.
  path: Assets/Scripts/Menus
  artifactKey: Guid(cb24c6368246c67419ed056067b1c895) Importer(815301076,1909f56bfc062723c751e8b465ee728b)
Start importing Assets/Scripts/Menus using Guid(cb24c6368246c67419ed056067b1c895) Importer(815301076,1909f56bfc062723c751e8b465ee728b)  -> (artifact id: 'e29a8d285a71c4fbdf43120524929512') in 0.008849 seconds
  Import took 0.012727 seconds .

========================================================================
Received Prepare
Registering precompiled user dll's ...
Registered in 0.001705 seconds.
Begin MonoManager ReloadAssembly
Native extension for WindowsStandalone target not found
Refreshing native plugins compatible for Editor in 0.44 ms, found 0 plugins.
Preloading 0 native plugins for Editor in 0.00 ms.
Invoked RoslynAnalysisRunner static constructor.
RoslynAnalysisRunner will not be running.
RoslynAnalysisRunner has terminated.
Mono: successfully reloaded assembly
- Completed reload, in  1.179 seconds
Platform modules already initialized, skipping
Refreshing native plugins compatible for Editor in 0.47 ms, found 0 plugins.
Preloading 0 native plugins for Editor in 0.00 ms.
Unloading 1542 Unused Serialized files (Serialized files now loaded: 0)
System memory in use before: 78.6 MB.
System memory in use after: 78.7 MB.

Unloading 6 unused Assets to reduce memory usage. Loaded Objects now: 2008.
Total: 2.615800 ms (FindLiveObjects: 0.227800 ms CreateObjectMapping: 0.044500 ms MarkObjects: 2.260800 ms  DeleteObjects: 0.081100 ms)

========================================================================
Received Import Request.
  Time since last request: 23.220954 seconds.
  path: Assets/Scripts/Menus/PauseMenu.cs
  artifactKey: Guid(ef7331487b473974893e109686bdd584) Importer(815301076,1909f56bfc062723c751e8b465ee728b)
Start importing Assets/Scripts/Menus/PauseMenu.cs using Guid(ef7331487b473974893e109686bdd584) Importer(815301076,1909f56bfc062723c751e8b465ee728b)  -> (artifact id: '29db7c9feda0c3501c63e7f51074d276') in 0.013413 seconds
  Import took 0.017018 seconds .

========================================================================
Received Prepare
Registering precompiled user dll's ...
Registered in 0.001780 seconds.
Begin MonoManager ReloadAssembly
Native extension for WindowsStandalone target not found
Refreshing native plugins compatible for Editor in 0.46 ms, found 0 plugins.
Preloading 0 native plugins for Editor in 0.00 ms.
Invoked RoslynAnalysisRunner static constructor.
RoslynAnalysisRunner will not be running.
RoslynAnalysisRunner has terminated.
Mono: successfully reloaded assembly
- Completed reload, in  1.167 seconds
Platform modules already initialized, skipping
Refreshing native plugins compatible for Editor in 0.46 ms, found 0 plugins.
Preloading 0 native plugins for Editor in 0.00 ms.
Unloading 1543 Unused Serialized files (Serialized files now loaded: 0)
System memory in use before: 78.6 MB.
System memory in use after: 78.7 MB.

Unloading 6 unused Assets to reduce memory usage. Loaded Objects now: 2012.
Total: 2.359000 ms (FindLiveObjects: 0.215400 ms CreateObjectMapping: 0.043800 ms MarkObjects: 2.029900 ms  DeleteObjects: 0.068800 ms)

========================================================================
Received Import Request.
  Time since last request: 9.430370 seconds.
  path: Assets/Scripts/DeathHandler.cs
  artifactKey: Guid(7c16204418038ad4cb14ee733283664c) Importer(815301076,1909f56bfc062723c751e8b465ee728b)
Start importing Assets/Scripts/DeathHandler.cs using Guid(7c16204418038ad4cb14ee733283664c) Importer(815301076,1909f56bfc062723c751e8b465ee728b)  -> (artifact id: '7099341b342d161a1f818e860a22ecf5') in 0.013368 seconds
  Import took 0.016767 seconds .

========================================================================
Received Import Request.
  Time since last request: 0.002580 seconds.
  path: Assets/Scripts/DeathHandler.cs
  artifactKey: Guid(7c16204418038ad4cb14ee733283664c) Importer(815301076,1909f56bfc062723c751e8b465ee728b)
Start importing Assets/Scripts/DeathHandler.cs using Guid(7c16204418038ad4cb14ee733283664c) Importer(815301076,1909f56bfc062723c751e8b465ee728b)  -> (artifact id: '7099341b342d161a1f818e860a22ecf5') in 0.003599 seconds
  Import took 0.006806 seconds .

========================================================================
Received Import Request.
  Time since last request: 404.104164 seconds.
  path: Assets/Scenes/MainMenu.unity
  artifactKey: Guid(1524e7f839b4dc0448d45d2b7c356fdc) Importer(815301076,1909f56bfc062723c751e8b465ee728b)
Start importing Assets/Scenes/MainMenu.unity using Guid(1524e7f839b4dc0448d45d2b7c356fdc) Importer(815301076,1909f56bfc062723c751e8b465ee728b)  -> (artifact id: '0a792b77b72e4aa6f3e88595d2ce247e') in 0.020379 seconds
  Import took 0.023810 seconds .

AssetImportWorkerClient::OnTransportError - code=2 error=End of file
