Using pre-set license
Built from '2020.3/release' branch; Version is '2020.3.1f1 (77a89f25062f) revision 7841951'; Using compiler version '192528614'; Build Type 'Release'
OS: 'Windows 10 Pro; OS build 19042.1165; Version 2009; 64bit' Language: 'en' Physical Memory: 16335 MB
BatchMode: 1, IsHumanControllingUs: 0, StartBugReporterOnCrash: 0, Is64bit: 1, IsPro: 0

 COMMAND LINE ARGUMENTS:
C:\Program Files\Unity\Hub\Editor\2020.3.1f1\Editor\Unity.exe
-adb2
-batchMode
-noUpm
-name
AssetImportWorker1
-projectPath
C:/Users/Dylan/Documents/GitHub/UnityJam
-logFile
Logs/AssetImportWorker1.log
-srvPort
62137
Successfully changed project path to: C:/Users/Dylan/Documents/GitHub/UnityJam
C:/Users/Dylan/Documents/GitHub/UnityJam
Using Asset Import Pipeline V2.
Refreshing native plugins compatible for Editor in 54.00 ms, found 0 plugins.
Preloading 0 native plugins for Editor in 0.00 ms.
Initialize engine version: 2020.3.1f1 (77a89f25062f)
[Subsystems] Discovering subsystems at path C:/Program Files/Unity/Hub/Editor/2020.3.1f1/Editor/Data/Resources/UnitySubsystems
[Subsystems] Discovering subsystems at path C:/Users/Dylan/Documents/GitHub/UnityJam/Assets
GfxDevice: creating device client; threaded=0
Direct3D:
    Version:  Direct3D 11.0 [level 11.1]
    Renderer: NVIDIA GeForce GTX 1060 3GB (ID=0x1c02)
    Vendor:   
    VRAM:     2988 MB
    Driver:   27.21.14.5671
Initialize mono
Mono path[0] = 'C:/Program Files/Unity/Hub/Editor/2020.3.1f1/Editor/Data/Managed'
Mono path[1] = 'C:/Program Files/Unity/Hub/Editor/2020.3.1f1/Editor/Data/MonoBleedingEdge/lib/mono/unityjit'
Mono config path = 'C:/Program Files/Unity/Hub/Editor/2020.3.1f1/Editor/Data/MonoBleedingEdge/etc'
Using monoOptions --debugger-agent=transport=dt_socket,embedding=1,server=y,suspend=n,address=127.0.0.1:56788
Begin MonoManager ReloadAssembly
Registering precompiled unity dll's ...
Register platform support module: C:/Program Files/Unity/Hub/Editor/2020.3.1f1/Editor/Data/PlaybackEngines/WindowsStandaloneSupport/UnityEditor.WindowsStandalone.Extensions.dll
Registered in 0.003122 seconds.
Native extension for WindowsStandalone target not found
Refreshing native plugins compatible for Editor in 51.82 ms, found 0 plugins.
Preloading 0 native plugins for Editor in 0.00 ms.
Invoked RoslynAnalysisRunner static constructor.
RoslynAnalysisRunner will not be running.
RoslynAnalysisRunner has terminated.
Mono: successfully reloaded assembly
- Completed reload, in  1.538 seconds
Platform modules already initialized, skipping
Registering precompiled user dll's ...
Registered in 0.002241 seconds.
Begin MonoManager ReloadAssembly
Native extension for WindowsStandalone target not found
Refreshing native plugins compatible for Editor in 0.54 ms, found 0 plugins.
Preloading 0 native plugins for Editor in 0.00 ms.
Invoked RoslynAnalysisRunner static constructor.
RoslynAnalysisRunner will not be running.
RoslynAnalysisRunner has terminated.
Mono: successfully reloaded assembly
- Completed reload, in  3.221 seconds
Platform modules already initialized, skipping
========================================================================
Worker process is ready to serve import requests
Launched and connected shader compiler UnityShaderCompiler.exe after 0.07 seconds
Refreshing native plugins compatible for Editor in 0.56 ms, found 0 plugins.
Preloading 0 native plugins for Editor in 0.00 ms.
Unloading 1572 Unused Serialized files (Serialized files now loaded: 0)
System memory in use before: 81.0 MB.
System memory in use after: 81.1 MB.

Unloading 10 unused Assets to reduce memory usage. Loaded Objects now: 2019.
Total: 2.846300 ms (FindLiveObjects: 0.557800 ms CreateObjectMapping: 0.046500 ms MarkObjects: 2.153900 ms  DeleteObjects: 0.086800 ms)

========================================================================
Received Import Request.
  path: Assets/Scripts/Menus
  artifactKey: Guid(cb24c6368246c67419ed056067b1c895) Importer(815301076,1909f56bfc062723c751e8b465ee728b)
Start importing Assets/Scripts/Menus using Guid(cb24c6368246c67419ed056067b1c895) Importer(815301076,1909f56bfc062723c751e8b465ee728b)  -> (artifact id: 'e29a8d285a71c4fbdf43120524929512') in 0.411080 seconds
  Import took 0.414436 seconds .

========================================================================
Received Import Request.
  Time since last request: 0.000260 seconds.
  path: Assets/Scripts/SaveManager.cs
  artifactKey: Guid(581c915832aabd9438f1fab695506c98) Importer(815301076,1909f56bfc062723c751e8b465ee728b)
Start importing Assets/Scripts/SaveManager.cs using Guid(581c915832aabd9438f1fab695506c98) Importer(815301076,1909f56bfc062723c751e8b465ee728b)  -> (artifact id: 'bcdabc836144dbe24a36202bab381c31') in 0.338555 seconds
  Import took 0.341513 seconds .

========================================================================
Received Prepare
Refreshing native plugins compatible for Editor in 1.59 ms, found 0 plugins.
Preloading 0 native plugins for Editor in 0.00 ms.
Unloading 4 Unused Serialized files (Serialized files now loaded: 0)
System memory in use before: 49.0 MB.
System memory in use after: 49.1 MB.

Unloading 4 unused Assets to reduce memory usage. Loaded Objects now: 2019.
Total: 2.761000 ms (FindLiveObjects: 0.221500 ms CreateObjectMapping: 0.044600 ms MarkObjects: 2.418600 ms  DeleteObjects: 0.074500 ms)

========================================================================
Received Import Request.
  Time since last request: 569.239646 seconds.
  path: Assets/Scenes/Level2.unity
  artifactKey: Guid(334bde055361ab742b446201c69f3ebd) Importer(815301076,1909f56bfc062723c751e8b465ee728b)
Start importing Assets/Scenes/Level2.unity using Guid(334bde055361ab742b446201c69f3ebd) Importer(815301076,1909f56bfc062723c751e8b465ee728b)  -> (artifact id: 'cecb8aaa31eb7fe76bc8110c04dd7803') in 0.017267 seconds
  Import took 0.020683 seconds .

========================================================================
Received Import Request.
  Time since last request: 0.002236 seconds.
  path: Assets/Scenes/Level2.unity
  artifactKey: Guid(334bde055361ab742b446201c69f3ebd) Importer(815301076,1909f56bfc062723c751e8b465ee728b)
Start importing Assets/Scenes/Level2.unity using Guid(334bde055361ab742b446201c69f3ebd) Importer(815301076,1909f56bfc062723c751e8b465ee728b)  -> (artifact id: 'cecb8aaa31eb7fe76bc8110c04dd7803') in 0.004431 seconds
  Import took 0.008096 seconds .

========================================================================
Received Import Request.
  Time since last request: 9.889033 seconds.
  path: Assets/Prefabs/_MusicManager.prefab
  artifactKey: Guid(6b807295d3badcf449bfa79a43033f20) Importer(815301076,1909f56bfc062723c751e8b465ee728b)
Start importing Assets/Prefabs/_MusicManager.prefab using Guid(6b807295d3badcf449bfa79a43033f20) Importer(815301076,1909f56bfc062723c751e8b465ee728b)  -> (artifact id: '5698cdc22184640c5bd3c63c3bc87e9f') in 0.090463 seconds
  Import took 0.094015 seconds .

========================================================================
Received Import Request.
  Time since last request: 0.000286 seconds.
  path: Assets/Prefabs/BlueButton.prefab
  artifactKey: Guid(7debc5291eb620344ad446c5fe09ad90) Importer(815301076,1909f56bfc062723c751e8b465ee728b)
Start importing Assets/Prefabs/BlueButton.prefab using Guid(7debc5291eb620344ad446c5fe09ad90) Importer(815301076,1909f56bfc062723c751e8b465ee728b)  -> (artifact id: '2f71cbb34b630e232883633c75574c8a') in 0.221912 seconds
  Import took 0.225558 seconds .

========================================================================
Received Import Request.
  Time since last request: 0.000254 seconds.
  path: Assets/Prefabs/GrapplePoint.prefab
  artifactKey: Guid(7a8855a586ba15c46bd32494fbd2cece) Importer(815301076,1909f56bfc062723c751e8b465ee728b)
Start importing Assets/Prefabs/GrapplePoint.prefab using Guid(7a8855a586ba15c46bd32494fbd2cece) Importer(815301076,1909f56bfc062723c751e8b465ee728b)  -> (artifact id: '458277a5b88db18654568b9fd1bd253b') in 0.060764 seconds
  Import took 0.063996 seconds .

========================================================================
Received Import Request.
  Time since last request: 0.000225 seconds.
  path: Assets/Prefabs/RedButton.prefab
  artifactKey: Guid(3681bf4ebdc3fa541a7704c907de0e5f) Importer(815301076,1909f56bfc062723c751e8b465ee728b)
Start importing Assets/Prefabs/RedButton.prefab using Guid(3681bf4ebdc3fa541a7704c907de0e5f) Importer(815301076,1909f56bfc062723c751e8b465ee728b)  -> (artifact id: 'fe0a615f426fa89cd8f7f794100110f0') in 0.059988 seconds
  Import took 0.063338 seconds .

========================================================================
Received Import Request.
  Time since last request: 0.000285 seconds.
  path: Assets/Prefabs/Player.prefab
  artifactKey: Guid(5014468dfcef7854ab63ca23bf1abc03) Importer(815301076,1909f56bfc062723c751e8b465ee728b)
Start importing Assets/Prefabs/Player.prefab using Guid(5014468dfcef7854ab63ca23bf1abc03) Importer(815301076,1909f56bfc062723c751e8b465ee728b)  -> (artifact id: '394364d45ac29242816dedb8ba8d2f6c') in 0.019622 seconds
  Import took 0.023362 seconds .

========================================================================
Received Import Request.
  Time since last request: 0.000288 seconds.
  path: Assets/Prefabs/WinBox.prefab
  artifactKey: Guid(22752a4003cdb4a4dad50d113e1e22d6) Importer(815301076,1909f56bfc062723c751e8b465ee728b)
Start importing Assets/Prefabs/WinBox.prefab using Guid(22752a4003cdb4a4dad50d113e1e22d6) Importer(815301076,1909f56bfc062723c751e8b465ee728b)  -> (artifact id: '8b55c4d0027f5f7cc10be96f1a2a6068') in 0.010666 seconds
  Import took 0.014186 seconds .

========================================================================
Received Import Request.
  Time since last request: 0.000235 seconds.
  path: Assets/Prefabs/Settings.prefab
  artifactKey: Guid(20c7427dd93e21f4683e31a60b78a627) Importer(815301076,1909f56bfc062723c751e8b465ee728b)
Start importing Assets/Prefabs/Settings.prefab using Guid(20c7427dd93e21f4683e31a60b78a627) Importer(815301076,1909f56bfc062723c751e8b465ee728b)  -> (artifact id: '4a207587d0ae64f0b5a5c321b89bf6be') in 0.123145 seconds
  Import took 0.126617 seconds .

========================================================================
Received Import Request.
  Time since last request: 0.000233 seconds.
  path: Assets/Prefabs/OctagonalPillar.prefab
  artifactKey: Guid(80e989695446872428796e9274451729) Importer(815301076,1909f56bfc062723c751e8b465ee728b)
Start importing Assets/Prefabs/OctagonalPillar.prefab using Guid(80e989695446872428796e9274451729) Importer(815301076,1909f56bfc062723c751e8b465ee728b)  -> (artifact id: '4c69298304a73ec075f1516090a31a07') in 0.011369 seconds
  Import took 0.014982 seconds .

========================================================================
Received Import Request.
  Time since last request: 0.000196 seconds.
  path: Assets/Prefabs/_SaveManager.prefab
  artifactKey: Guid(cc8a9cca00a8f0342ab9d8bd1bf4ff17) Importer(815301076,1909f56bfc062723c751e8b465ee728b)
Start importing Assets/Prefabs/_SaveManager.prefab using Guid(cc8a9cca00a8f0342ab9d8bd1bf4ff17) Importer(815301076,1909f56bfc062723c751e8b465ee728b)  -> (artifact id: 'bb8d2d09af5448f9cfa4984786d91c3f') in 0.009961 seconds
  Import took 0.013497 seconds .

========================================================================
Received Import Request.
  Time since last request: 0.000251 seconds.
  path: Assets/Prefabs/Pillar.prefab
  artifactKey: Guid(d2670ec6a1a445e4ca1db677fc46e08a) Importer(815301076,1909f56bfc062723c751e8b465ee728b)
Start importing Assets/Prefabs/Pillar.prefab using Guid(d2670ec6a1a445e4ca1db677fc46e08a) Importer(815301076,1909f56bfc062723c751e8b465ee728b)  -> (artifact id: '5148ea42ea3c824c0158bd41ba5edb88') in 0.054265 seconds
  Import took 0.057700 seconds .

========================================================================
Received Import Request.
  Time since last request: 0.000248 seconds.
  path: Assets/Prefabs/HitEffect.prefab
  artifactKey: Guid(8b40a3302a1e9f444ac62fee5de4afe7) Importer(815301076,1909f56bfc062723c751e8b465ee728b)
Start importing Assets/Prefabs/HitEffect.prefab using Guid(8b40a3302a1e9f444ac62fee5de4afe7) Importer(815301076,1909f56bfc062723c751e8b465ee728b)  -> (artifact id: '04f4180c9efc5976e3c47af152c72eca') in 0.054665 seconds
  Import took 0.057803 seconds .

========================================================================
Received Import Request.
  Time since last request: 0.000247 seconds.
  path: Assets/Prefabs/UI.prefab
  artifactKey: Guid(f1d9ac43815414442b2c5996161c2948) Importer(815301076,1909f56bfc062723c751e8b465ee728b)
Start importing Assets/Prefabs/UI.prefab using Guid(f1d9ac43815414442b2c5996161c2948) Importer(815301076,1909f56bfc062723c751e8b465ee728b)  -> (artifact id: '60c4a258008d9960e30920ab806d8317') in 0.270372 seconds
  Import took 0.274191 seconds .

========================================================================
Received Import Request.
  Time since last request: 6.117362 seconds.
  path: Assets/Prefabs/Floors
  artifactKey: Guid(adbf0a7b98c09ae45819424bac53cdf9) Importer(815301076,1909f56bfc062723c751e8b465ee728b)
Start importing Assets/Prefabs/Floors using Guid(adbf0a7b98c09ae45819424bac53cdf9) Importer(815301076,1909f56bfc062723c751e8b465ee728b)  -> (artifact id: '729997499e4df12e66e88df2d8b90c6e') in 0.009681 seconds
  Import took 0.013108 seconds .

========================================================================
Received Import Request.
  Time since last request: 0.103413 seconds.
  path: Assets/Prefabs/Floors/Floor.prefab
  artifactKey: Guid(56d1c2f1c3f3be149b7489b67bef2c4b) Importer(815301076,1909f56bfc062723c751e8b465ee728b)
Start importing Assets/Prefabs/Floors/Floor.prefab using Guid(56d1c2f1c3f3be149b7489b67bef2c4b) Importer(815301076,1909f56bfc062723c751e8b465ee728b)  -> (artifact id: '7697f325e1dc5e74a49dc59230eaaac6') in 0.036905 seconds
  Import took 0.040485 seconds .

========================================================================
Received Import Request.
  Time since last request: 0.000253 seconds.
  path: Assets/Prefabs/Floors/Floor03.prefab
  artifactKey: Guid(741eb1dfa55125a42aed43034752d737) Importer(815301076,1909f56bfc062723c751e8b465ee728b)
Start importing Assets/Prefabs/Floors/Floor03.prefab using Guid(741eb1dfa55125a42aed43034752d737) Importer(815301076,1909f56bfc062723c751e8b465ee728b)  -> (artifact id: 'ae8e8a63c4074271dbd0a815a758a3ba') in 0.018364 seconds
  Import took 0.021466 seconds .

========================================================================
Received Import Request.
  Time since last request: 0.000260 seconds.
  path: Assets/Prefabs/Floors/Floor02.prefab
  artifactKey: Guid(28e8850f240a8c54ea0952ceaeb9754b) Importer(815301076,1909f56bfc062723c751e8b465ee728b)
Start importing Assets/Prefabs/Floors/Floor02.prefab using Guid(28e8850f240a8c54ea0952ceaeb9754b) Importer(815301076,1909f56bfc062723c751e8b465ee728b)  -> (artifact id: 'da17dd9b9e80ea0d5c5c1e8ae86c1ae5') in 0.012973 seconds
  Import took 0.016106 seconds .

========================================================================
Received Import Request.
  Time since last request: 0.000195 seconds.
  path: Assets/Prefabs/Floors/LaunchPad.prefab
  artifactKey: Guid(3994c6ffa1c480e4f9d40f9317953579) Importer(815301076,1909f56bfc062723c751e8b465ee728b)
Start importing Assets/Prefabs/Floors/LaunchPad.prefab using Guid(3994c6ffa1c480e4f9d40f9317953579) Importer(815301076,1909f56bfc062723c751e8b465ee728b)  -> (artifact id: 'e48b0687c85b265c8e1a497784f712e2') in 0.117280 seconds
  Import took 0.120623 seconds .

========================================================================
Received Import Request.
  Time since last request: 0.000291 seconds.
  path: Assets/Prefabs/Floors/Step.prefab
  artifactKey: Guid(892db66b320de0d45ab7297a371a3ab1) Importer(815301076,1909f56bfc062723c751e8b465ee728b)
Start importing Assets/Prefabs/Floors/Step.prefab using Guid(892db66b320de0d45ab7297a371a3ab1) Importer(815301076,1909f56bfc062723c751e8b465ee728b)  -> (artifact id: 'e822b941e5198ab071852b219b2390ae') in 0.016983 seconds
  Import took 0.020319 seconds .

========================================================================
Received Import Request.
  Time since last request: 0.000307 seconds.
  path: Assets/Prefabs/Floors/Floor05.prefab
  artifactKey: Guid(db17f401ad791924599856791ade07f1) Importer(815301076,1909f56bfc062723c751e8b465ee728b)
Start importing Assets/Prefabs/Floors/Floor05.prefab using Guid(db17f401ad791924599856791ade07f1) Importer(815301076,1909f56bfc062723c751e8b465ee728b)  -> (artifact id: '22c10384696c89bbb3a3bea5e9db8137') in 0.016647 seconds
  Import took 0.020226 seconds .

========================================================================
Received Import Request.
  Time since last request: 0.000214 seconds.
  path: Assets/Prefabs/Floors/ProbuilderFloor.prefab
  artifactKey: Guid(c55509d7ce5d149469abee56b27d7cec) Importer(815301076,1909f56bfc062723c751e8b465ee728b)
Start importing Assets/Prefabs/Floors/ProbuilderFloor.prefab using Guid(c55509d7ce5d149469abee56b27d7cec) Importer(815301076,1909f56bfc062723c751e8b465ee728b)  -> (artifact id: '6237874938cc3744d519ac8ae23750f7') in 0.009252 seconds
  Import took 0.012481 seconds .

========================================================================
Received Import Request.
  Time since last request: 0.000199 seconds.
  path: Assets/Prefabs/Floors/Floor04.prefab
  artifactKey: Guid(ccfec36800f68cb4b839427285e127cc) Importer(815301076,1909f56bfc062723c751e8b465ee728b)
Start importing Assets/Prefabs/Floors/Floor04.prefab using Guid(ccfec36800f68cb4b839427285e127cc) Importer(815301076,1909f56bfc062723c751e8b465ee728b)  -> (artifact id: '8f461f3c0ed2658ce46c293b01cb1263') in 0.014655 seconds
  Import took 0.018391 seconds .

========================================================================
Received Prepare
Registering precompiled user dll's ...
Registered in 0.001906 seconds.
Begin MonoManager ReloadAssembly
Native extension for WindowsStandalone target not found
Refreshing native plugins compatible for Editor in 0.54 ms, found 0 plugins.
Preloading 0 native plugins for Editor in 0.00 ms.
Invoked RoslynAnalysisRunner static constructor.
RoslynAnalysisRunner will not be running.
RoslynAnalysisRunner has terminated.
Mono: successfully reloaded assembly
- Completed reload, in  1.153 seconds
Platform modules already initialized, skipping
Refreshing native plugins compatible for Editor in 0.52 ms, found 0 plugins.
Preloading 0 native plugins for Editor in 0.00 ms.
Unloading 1552 Unused Serialized files (Serialized files now loaded: 0)
System memory in use before: 83.2 MB.
System memory in use after: 83.3 MB.

Unloading 12 unused Assets to reduce memory usage. Loaded Objects now: 2034.
Total: 2.484000 ms (FindLiveObjects: 0.230300 ms CreateObjectMapping: 0.045700 ms MarkObjects: 2.115900 ms  DeleteObjects: 0.091100 ms)

========================================================================
Received Import Request.
  Time since last request: 363.764824 seconds.
  path: Assets/Scenes/Level1.unity
  artifactKey: Guid(9fc0d4010bbf28b4594072e72b8655ab) Importer(815301076,1909f56bfc062723c751e8b465ee728b)
Start importing Assets/Scenes/Level1.unity using Guid(9fc0d4010bbf28b4594072e72b8655ab) Importer(815301076,1909f56bfc062723c751e8b465ee728b)  -> (artifact id: '903416cbb90062ce1ccffe4226694796') in 0.020059 seconds
  Import took 0.023560 seconds .

========================================================================
Received Prepare
Registering precompiled user dll's ...
Registered in 0.001954 seconds.
Begin MonoManager ReloadAssembly
Native extension for WindowsStandalone target not found
Refreshing native plugins compatible for Editor in 0.51 ms, found 0 plugins.
Preloading 0 native plugins for Editor in 0.00 ms.
Invoked RoslynAnalysisRunner static constructor.
RoslynAnalysisRunner will not be running.
RoslynAnalysisRunner has terminated.
Mono: successfully reloaded assembly
- Completed reload, in  1.204 seconds
Platform modules already initialized, skipping
Refreshing native plugins compatible for Editor in 0.52 ms, found 0 plugins.
Preloading 0 native plugins for Editor in 0.00 ms.
Unloading 1552 Unused Serialized files (Serialized files now loaded: 0)
System memory in use before: 83.2 MB.
System memory in use after: 83.3 MB.

Unloading 6 unused Assets to reduce memory usage. Loaded Objects now: 2037.
Total: 2.897500 ms (FindLiveObjects: 0.308400 ms CreateObjectMapping: 0.067900 ms MarkObjects: 2.438000 ms  DeleteObjects: 0.081800 ms)

========================================================================
Received Import Request.
  Time since last request: 2284.319915 seconds.
  path: Assets/Scenes/Level2.unity
  artifactKey: Guid(334bde055361ab742b446201c69f3ebd) Importer(815301076,1909f56bfc062723c751e8b465ee728b)
Start importing Assets/Scenes/Level2.unity using Guid(334bde055361ab742b446201c69f3ebd) Importer(815301076,1909f56bfc062723c751e8b465ee728b)  -> (artifact id: '2431e2476f8c5378e7249f6301003326') in 0.044934 seconds
  Import took 0.048877 seconds .

========================================================================
Received Import Request.
  Time since last request: 1962.686690 seconds.
  path: Assets/Prefabs/Enemy Death Effects
  artifactKey: Guid(550fef50e475696478879e9e0dd27782) Importer(815301076,1909f56bfc062723c751e8b465ee728b)
Start importing Assets/Prefabs/Enemy Death Effects using Guid(550fef50e475696478879e9e0dd27782) Importer(815301076,1909f56bfc062723c751e8b465ee728b)  -> (artifact id: '1b000d48c6a8c675c9b7bb8d02b66e0d') in 0.008313 seconds
  Import took 0.012077 seconds .

========================================================================
Received Import Request.
  Time since last request: 0.000424 seconds.
  path: Assets/Prefabs/Enemy Death Effects
  artifactKey: Guid(550fef50e475696478879e9e0dd27782) Importer(815301076,1909f56bfc062723c751e8b465ee728b)
Start importing Assets/Prefabs/Enemy Death Effects using Guid(550fef50e475696478879e9e0dd27782) Importer(815301076,1909f56bfc062723c751e8b465ee728b)  -> (artifact id: '1b000d48c6a8c675c9b7bb8d02b66e0d') in 0.003279 seconds
  Import took 0.007042 seconds .

========================================================================
Received Import Request.
  Time since last request: 3.425765 seconds.
  path: Assets/Prefabs/Walls
  artifactKey: Guid(73ca20d7259014f48ac6e9eedd1910f8) Importer(815301076,1909f56bfc062723c751e8b465ee728b)
Start importing Assets/Prefabs/Walls using Guid(73ca20d7259014f48ac6e9eedd1910f8) Importer(815301076,1909f56bfc062723c751e8b465ee728b)  -> (artifact id: '8fc1bebb1e7dcd5af911be5d461bfaca') in 0.010868 seconds
  Import took 0.014351 seconds .

========================================================================
Received Import Request.
  Time since last request: 0.214103 seconds.
  path: Assets/Prefabs/Walls/ProbuilderWall01.prefab
  artifactKey: Guid(a7758c3c284a154459bc5698c9769097) Importer(815301076,1909f56bfc062723c751e8b465ee728b)
Start importing Assets/Prefabs/Walls/ProbuilderWall01.prefab using Guid(a7758c3c284a154459bc5698c9769097) Importer(815301076,1909f56bfc062723c751e8b465ee728b)  -> (artifact id: 'd9b2ddabda3a74c36827853c7dfc0206') in 0.027804 seconds
  Import took 0.031560 seconds .

========================================================================
Received Import Request.
  Time since last request: 0.000269 seconds.
  path: Assets/Prefabs/Walls/Wall03TopBot.prefab
  artifactKey: Guid(957a3fea21057c6469b4edde02309f3b) Importer(815301076,1909f56bfc062723c751e8b465ee728b)
Start importing Assets/Prefabs/Walls/Wall03TopBot.prefab using Guid(957a3fea21057c6469b4edde02309f3b) Importer(815301076,1909f56bfc062723c751e8b465ee728b)  -> (artifact id: '9ec419ce8852cf5e7a28c88122fcc1ed') in 0.078373 seconds
  Import took 0.081470 seconds .

========================================================================
Received Import Request.
  Time since last request: 0.000279 seconds.
  path: Assets/Prefabs/Walls/Wall02TopBot.prefab
  artifactKey: Guid(16948308ba5c1cf489ec30e36d128c44) Importer(815301076,1909f56bfc062723c751e8b465ee728b)
Start importing Assets/Prefabs/Walls/Wall02TopBot.prefab using Guid(16948308ba5c1cf489ec30e36d128c44) Importer(815301076,1909f56bfc062723c751e8b465ee728b)  -> (artifact id: '0cb21f0e05ccd1ca9ae132e0c6635148') in 0.016188 seconds
  Import took 0.019868 seconds .

========================================================================
Received Import Request.
  Time since last request: 0.000291 seconds.
  path: Assets/Prefabs/Walls/Wall04Mid.prefab
  artifactKey: Guid(ec2ea1fbeb7f5ca43a33491f69caa699) Importer(815301076,1909f56bfc062723c751e8b465ee728b)
Start importing Assets/Prefabs/Walls/Wall04Mid.prefab using Guid(ec2ea1fbeb7f5ca43a33491f69caa699) Importer(815301076,1909f56bfc062723c751e8b465ee728b)  -> (artifact id: 'df82e1a2e1b4d48911a90e505f7dbd0a') in 0.036078 seconds
  Import took 0.039729 seconds .

========================================================================
Received Import Request.
  Time since last request: 0.000252 seconds.
  path: Assets/Prefabs/Walls/Wall01.prefab
  artifactKey: Guid(7868d06b12a28524db820bbe7ce748d9) Importer(815301076,1909f56bfc062723c751e8b465ee728b)
Start importing Assets/Prefabs/Walls/Wall01.prefab using Guid(7868d06b12a28524db820bbe7ce748d9) Importer(815301076,1909f56bfc062723c751e8b465ee728b)  -> (artifact id: 'c4927385fdba2d8a3c9674e58fa22141') in 0.018102 seconds
  Import took 0.021322 seconds .

========================================================================
Received Import Request.
  Time since last request: 0.000274 seconds.
  path: Assets/Prefabs/Walls/Wall01TopBot.prefab
  artifactKey: Guid(4557db52ae14aed4088bf4a31b0ba56f) Importer(815301076,1909f56bfc062723c751e8b465ee728b)
Start importing Assets/Prefabs/Walls/Wall01TopBot.prefab using Guid(4557db52ae14aed4088bf4a31b0ba56f) Importer(815301076,1909f56bfc062723c751e8b465ee728b)  -> (artifact id: 'da78bd7765f1a11d18e08b1139696b39') in 0.014744 seconds
  Import took 0.018312 seconds .

========================================================================
Received Import Request.
  Time since last request: 0.000219 seconds.
  path: Assets/Prefabs/Walls/Wall03.prefab
  artifactKey: Guid(552a00e667899ba4990d4066c1fd8989) Importer(815301076,1909f56bfc062723c751e8b465ee728b)
Start importing Assets/Prefabs/Walls/Wall03.prefab using Guid(552a00e667899ba4990d4066c1fd8989) Importer(815301076,1909f56bfc062723c751e8b465ee728b)  -> (artifact id: '6a19973742cd5054fb3d195c74c322f2') in 0.016880 seconds
  Import took 0.020028 seconds .

========================================================================
Received Import Request.
  Time since last request: 0.000233 seconds.
  path: Assets/Prefabs/Walls/Wall01Mid.prefab
  artifactKey: Guid(8757d613903c26a4ca6b534eba31e9b8) Importer(815301076,1909f56bfc062723c751e8b465ee728b)
Start importing Assets/Prefabs/Walls/Wall01Mid.prefab using Guid(8757d613903c26a4ca6b534eba31e9b8) Importer(815301076,1909f56bfc062723c751e8b465ee728b)  -> (artifact id: '1efd523297f2c51d60f558397c051f3c') in 0.037062 seconds
  Import took 0.040488 seconds .

========================================================================
Received Import Request.
  Time since last request: 0.000244 seconds.
  path: Assets/Prefabs/Walls/Wall02.prefab
  artifactKey: Guid(a9770ef91247c574eb138551a366a535) Importer(815301076,1909f56bfc062723c751e8b465ee728b)
Start importing Assets/Prefabs/Walls/Wall02.prefab using Guid(a9770ef91247c574eb138551a366a535) Importer(815301076,1909f56bfc062723c751e8b465ee728b)  -> (artifact id: '029ce96f16f18fd546e28e53b0036515') in 0.018148 seconds
  Import took 0.021547 seconds .

========================================================================
Received Import Request.
  Time since last request: 0.000227 seconds.
  path: Assets/Prefabs/Walls/Wall02Mid.prefab
  artifactKey: Guid(c8126fbe901624b4c91b639dc812debb) Importer(815301076,1909f56bfc062723c751e8b465ee728b)
Start importing Assets/Prefabs/Walls/Wall02Mid.prefab using Guid(c8126fbe901624b4c91b639dc812debb) Importer(815301076,1909f56bfc062723c751e8b465ee728b)  -> (artifact id: '305a3fed34c9a85457fe3d0fded9e48d') in 0.019033 seconds
  Import took 0.022835 seconds .

========================================================================
Received Prepare
Registering precompiled user dll's ...
Registered in 0.001881 seconds.
Begin MonoManager ReloadAssembly
Native extension for WindowsStandalone target not found
Refreshing native plugins compatible for Editor in 0.52 ms, found 0 plugins.
Preloading 0 native plugins for Editor in 0.00 ms.
Invoked RoslynAnalysisRunner static constructor.
RoslynAnalysisRunner will not be running.
RoslynAnalysisRunner has terminated.
Mono: successfully reloaded assembly
- Completed reload, in  1.165 seconds
Platform modules already initialized, skipping
Refreshing native plugins compatible for Editor in 0.52 ms, found 0 plugins.
Preloading 0 native plugins for Editor in 0.00 ms.
Unloading 1552 Unused Serialized files (Serialized files now loaded: 0)
System memory in use before: 83.3 MB.
System memory in use after: 83.4 MB.

Unloading 6 unused Assets to reduce memory usage. Loaded Objects now: 2041.
Total: 2.718900 ms (FindLiveObjects: 0.250600 ms CreateObjectMapping: 0.054700 ms MarkObjects: 2.335700 ms  DeleteObjects: 0.076600 ms)

========================================================================
Received Import Request.
  Time since last request: 247.430082 seconds.
  path: Assets/Scenes/Level2.unity
  artifactKey: Guid(334bde055361ab742b446201c69f3ebd) Importer(815301076,1909f56bfc062723c751e8b465ee728b)
Start importing Assets/Scenes/Level2.unity using Guid(334bde055361ab742b446201c69f3ebd) Importer(815301076,1909f56bfc062723c751e8b465ee728b)  -> (artifact id: '75822e2ead976563ec8025359a6b47d3') in 0.013804 seconds
  Import took 0.017327 seconds .

========================================================================
Received Prepare
Registering precompiled user dll's ...
Registered in 0.001859 seconds.
Begin MonoManager ReloadAssembly
Native extension for WindowsStandalone target not found
Refreshing native plugins compatible for Editor in 0.55 ms, found 0 plugins.
Preloading 0 native plugins for Editor in 0.00 ms.
Invoked RoslynAnalysisRunner static constructor.
RoslynAnalysisRunner will not be running.
RoslynAnalysisRunner has terminated.
Mono: successfully reloaded assembly
- Completed reload, in  1.183 seconds
Platform modules already initialized, skipping
Refreshing native plugins compatible for Editor in 0.54 ms, found 0 plugins.
Preloading 0 native plugins for Editor in 0.00 ms.
Unloading 1552 Unused Serialized files (Serialized files now loaded: 0)
System memory in use before: 83.3 MB.
System memory in use after: 83.4 MB.

Unloading 6 unused Assets to reduce memory usage. Loaded Objects now: 2044.
Total: 2.883400 ms (FindLiveObjects: 0.276200 ms CreateObjectMapping: 0.046300 ms MarkObjects: 2.478500 ms  DeleteObjects: 0.080700 ms)

========================================================================
Received Import Request.
  Time since last request: 882.946325 seconds.
  path: Assets/Sound/12-Gauge-Pump-Action-Shotgun-Close-Gunshot-A-www.fesliyanstudios.com.mp3
  artifactKey: Guid(268a1f45cc654c64e90a1b839a0eb628) Importer(815301076,1909f56bfc062723c751e8b465ee728b)
Start importing Assets/Sound/12-Gauge-Pump-Action-Shotgun-Close-Gunshot-A-www.fesliyanstudios.com.mp3 using Guid(268a1f45cc654c64e90a1b839a0eb628) Importer(815301076,1909f56bfc062723c751e8b465ee728b)  -> (artifact id: 'a2242e08f82b335602cad3fb34d5787d') in 0.229085 seconds
  Import took 0.233148 seconds .

========================================================================
Received Import Request.
  Time since last request: 0.000289 seconds.
  path: Assets/Sound/turretAlert.wav
  artifactKey: Guid(fc02b6397cf66544086bc866c57dcf05) Importer(815301076,1909f56bfc062723c751e8b465ee728b)
Start importing Assets/Sound/turretAlert.wav using Guid(fc02b6397cf66544086bc866c57dcf05) Importer(815301076,1909f56bfc062723c751e8b465ee728b)  -> (artifact id: 'bc0968c8a384e4627c24256f54943183') in 0.059573 seconds
  Import took 0.062792 seconds .

========================================================================
Received Import Request.
  Time since last request: 0.000241 seconds.
  path: Assets/Sound/turretShoot.MP3
  artifactKey: Guid(dbc013a67c9d20c4fb98327fb3b3a3ed) Importer(815301076,1909f56bfc062723c751e8b465ee728b)
Start importing Assets/Sound/turretShoot.MP3 using Guid(dbc013a67c9d20c4fb98327fb3b3a3ed) Importer(815301076,1909f56bfc062723c751e8b465ee728b)  -> (artifact id: '42ee9562e9b88777be24ac7a51ea7dd3') in 0.035492 seconds
  Import took 0.038586 seconds .

========================================================================
Received Import Request.
  Time since last request: 0.000488 seconds.
  path: Assets/Sound/mixkit-futuristic-robotic-fast-sweep-171.wav
  artifactKey: Guid(4a267cdfe971a4d4d96e2a031919f2a8) Importer(815301076,1909f56bfc062723c751e8b465ee728b)
Start importing Assets/Sound/mixkit-futuristic-robotic-fast-sweep-171.wav using Guid(4a267cdfe971a4d4d96e2a031919f2a8) Importer(815301076,1909f56bfc062723c751e8b465ee728b)  -> (artifact id: '4a7d358ed578a87cd1a50ca2f27c5a8c') in 0.018679 seconds
  Import took 0.022285 seconds .

========================================================================
Received Import Request.
  Time since last request: 0.000231 seconds.
  path: Assets/Sound/1911-.45-ACP-Close-Single-Gunshot-A-www.fesliyanstudios.com.mp3
  artifactKey: Guid(8b6e974f368aa57478b0432e065a85dd) Importer(815301076,1909f56bfc062723c751e8b465ee728b)
Start importing Assets/Sound/1911-.45-ACP-Close-Single-Gunshot-A-www.fesliyanstudios.com.mp3 using Guid(8b6e974f368aa57478b0432e065a85dd) Importer(815301076,1909f56bfc062723c751e8b465ee728b)  -> (artifact id: 'a5f7786f405343d684ac44e8393fb395') in 0.015045 seconds
  Import took 0.018589 seconds .

========================================================================
Received Import Request.
  Time since last request: 0.000267 seconds.
  path: Assets/Sound/Door Open.mp3
  artifactKey: Guid(2fa36cf008ec3fc4bafa2b1bac3e8984) Importer(815301076,1909f56bfc062723c751e8b465ee728b)
Start importing Assets/Sound/Door Open.mp3 using Guid(2fa36cf008ec3fc4bafa2b1bac3e8984) Importer(815301076,1909f56bfc062723c751e8b465ee728b)  -> (artifact id: '6d27eaffe59932dfb6936c5807f00a41') in 0.017240 seconds
  Import took 0.020391 seconds .

========================================================================
Received Import Request.
  Time since last request: 0.000284 seconds.
  path: Assets/Sound/fireball.wav
  artifactKey: Guid(c548f2a43364d4348b18a91784e4c3f1) Importer(815301076,1909f56bfc062723c751e8b465ee728b)
Start importing Assets/Sound/fireball.wav using Guid(c548f2a43364d4348b18a91784e4c3f1) Importer(815301076,1909f56bfc062723c751e8b465ee728b)  -> (artifact id: 'fdbfb80b33822848f5d644f4e3a31271') in 0.050612 seconds
  Import took 0.054125 seconds .

========================================================================
Received Import Request.
  Time since last request: 0.000282 seconds.
  path: Assets/Sound/zapsplat_metal_impact_sharp_flick_tinny_002_62291.mp3
  artifactKey: Guid(ca8458c11185d5a47a4eee7e43cb44fe) Importer(815301076,1909f56bfc062723c751e8b465ee728b)
Start importing Assets/Sound/zapsplat_metal_impact_sharp_flick_tinny_002_62291.mp3 using Guid(ca8458c11185d5a47a4eee7e43cb44fe) Importer(815301076,1909f56bfc062723c751e8b465ee728b)  -> (artifact id: '85c1f0e5cde0d92eab0dd95d4a80436b') in 0.069575 seconds
  Import took 0.072932 seconds .

========================================================================
Received Import Request.
  Time since last request: 0.000278 seconds.
  path: Assets/Sound/BloodExplosion.mp3
  artifactKey: Guid(7dc0ab31a20d95e4e93750919507bc7e) Importer(815301076,1909f56bfc062723c751e8b465ee728b)
Start importing Assets/Sound/BloodExplosion.mp3 using Guid(7dc0ab31a20d95e4e93750919507bc7e) Importer(815301076,1909f56bfc062723c751e8b465ee728b)  -> (artifact id: '1d7861b9d8628ec7f4bddbf1a9f602ef') in 0.015786 seconds
  Import took 0.018791 seconds .

========================================================================
Received Import Request.
  Time since last request: 0.000248 seconds.
  path: Assets/Sound/Blood-Squirt-A2-www.fesliyanstudios.com.mp3
  artifactKey: Guid(c774c6fed800e8c44ba88d9a51a31b87) Importer(815301076,1909f56bfc062723c751e8b465ee728b)
Start importing Assets/Sound/Blood-Squirt-A2-www.fesliyanstudios.com.mp3 using Guid(c774c6fed800e8c44ba88d9a51a31b87) Importer(815301076,1909f56bfc062723c751e8b465ee728b)  -> (artifact id: '5efb19d1ee0796b0b15fe5c9eaab7e20') in 0.015915 seconds
  Import took 0.019193 seconds .

========================================================================
Received Import Request.
  Time since last request: 0.000271 seconds.
  path: Assets/Sound/TomWinandySFX_Explosions Volume I_CloseExplosion_07.wav
  artifactKey: Guid(af8c70fe78df2a04fbab0c38f60ee86b) Importer(815301076,1909f56bfc062723c751e8b465ee728b)
Start importing Assets/Sound/TomWinandySFX_Explosions Volume I_CloseExplosion_07.wav using Guid(af8c70fe78df2a04fbab0c38f60ee86b) Importer(815301076,1909f56bfc062723c751e8b465ee728b)  -> (artifact id: '25b45fbd24fd2e558b08e4c3e8846c83') in 0.016736 seconds
  Import took 0.020403 seconds .

========================================================================
Received Import Request.
  Time since last request: 0.000253 seconds.
  path: Assets/Sound/VeryBrightPistolCo PE406302.mp3
  artifactKey: Guid(9934f4f3f1685a041a251231451c4751) Importer(815301076,1909f56bfc062723c751e8b465ee728b)
Start importing Assets/Sound/VeryBrightPistolCo PE406302.mp3 using Guid(9934f4f3f1685a041a251231451c4751) Importer(815301076,1909f56bfc062723c751e8b465ee728b)  -> (artifact id: 'e3538574faadca2a5060c759a1555acf') in 0.026389 seconds
  Import took 0.029438 seconds .

========================================================================
Received Import Request.
  Time since last request: 0.000230 seconds.
  path: Assets/Sound/bandage.mp3
  artifactKey: Guid(034d8ea53f9a7c641a08fdbf3acf2b40) Importer(815301076,1909f56bfc062723c751e8b465ee728b)
Start importing Assets/Sound/bandage.mp3 using Guid(034d8ea53f9a7c641a08fdbf3acf2b40) Importer(815301076,1909f56bfc062723c751e8b465ee728b)  -> (artifact id: '1f27b7af8edfa1b833caf920547e2259') in 0.014020 seconds
  Import took 0.017021 seconds .

========================================================================
Received Import Request.
  Time since last request: 0.000260 seconds.
  path: Assets/Sound/MainMixer.mixer
  artifactKey: Guid(d9342bf93340e05478fdee181af1c0a7) Importer(815301076,1909f56bfc062723c751e8b465ee728b)
Start importing Assets/Sound/MainMixer.mixer using Guid(d9342bf93340e05478fdee181af1c0a7) Importer(815301076,1909f56bfc062723c751e8b465ee728b)  -> (artifact id: '9c624276ca79b01cd63dae22c2e2323c') in 0.010700 seconds
  Import took 0.013713 seconds .

========================================================================
Received Import Request.
  Time since last request: 0.000266 seconds.
  path: Assets/Sound/grapplegun_reload.MP3
  artifactKey: Guid(12ccc6e3bae733e49b0a1e97ad964c7c) Importer(815301076,1909f56bfc062723c751e8b465ee728b)
Start importing Assets/Sound/grapplegun_reload.MP3 using Guid(12ccc6e3bae733e49b0a1e97ad964c7c) Importer(815301076,1909f56bfc062723c751e8b465ee728b)  -> (artifact id: 'b16f287fb2d90d0ffd920708afc18514') in 0.014778 seconds
  Import took 0.018051 seconds .

========================================================================
Received Import Request.
  Time since last request: 0.000300 seconds.
  path: Assets/Sound/zapsplat_metal_impact_sharp_flick_tinny_001_62290.mp3
  artifactKey: Guid(877ca48f4d1b3734b90a0c7f4e5dcf12) Importer(815301076,1909f56bfc062723c751e8b465ee728b)
Start importing Assets/Sound/zapsplat_metal_impact_sharp_flick_tinny_001_62290.mp3 using Guid(877ca48f4d1b3734b90a0c7f4e5dcf12) Importer(815301076,1909f56bfc062723c751e8b465ee728b)  -> (artifact id: '643abcb9bc3f582a89eaf9279413bd0f') in 0.052028 seconds
  Import took 0.055535 seconds .

========================================================================
Received Import Request.
  Time since last request: 0.000230 seconds.
  path: Assets/Sound/buttonBeep.mp3
  artifactKey: Guid(dc47a824e5f63e3459adee03ecb65b89) Importer(815301076,1909f56bfc062723c751e8b465ee728b)
Start importing Assets/Sound/buttonBeep.mp3 using Guid(dc47a824e5f63e3459adee03ecb65b89) Importer(815301076,1909f56bfc062723c751e8b465ee728b)  -> (artifact id: '64bbc153da3e627f17b5452425c57276') in 0.033941 seconds
  Import took 0.037366 seconds .

========================================================================
Received Import Request.
  Time since last request: 0.000225 seconds.
  path: Assets/Sound/grapplegunshoot.MP3
  artifactKey: Guid(1b74a911e1a4f7a479bc7677c9f5c7d0) Importer(815301076,1909f56bfc062723c751e8b465ee728b)
Start importing Assets/Sound/grapplegunshoot.MP3 using Guid(1b74a911e1a4f7a479bc7677c9f5c7d0) Importer(815301076,1909f56bfc062723c751e8b465ee728b)  -> (artifact id: 'deead78f952bf05bbeb07a1328b23b77') in 0.013965 seconds
  Import took 0.017239 seconds .

========================================================================
Received Import Request.
  Time since last request: 0.000237 seconds.
  path: Assets/Sound/shotgun_reload.wav
  artifactKey: Guid(458f3ea0c3ff7d94381e22e6a2b579c9) Importer(815301076,1909f56bfc062723c751e8b465ee728b)
Start importing Assets/Sound/shotgun_reload.wav using Guid(458f3ea0c3ff7d94381e22e6a2b579c9) Importer(815301076,1909f56bfc062723c751e8b465ee728b)  -> (artifact id: 'e80864b59bc2ac39a0d645b137b121aa') in 0.014236 seconds
  Import took 0.017312 seconds .

========================================================================
Received Import Request.
  Time since last request: 0.000281 seconds.
  path: Assets/Sound/ammoPickup.mp3
  artifactKey: Guid(a748f002ef7d84b49862b5b77babe5aa) Importer(815301076,1909f56bfc062723c751e8b465ee728b)
Start importing Assets/Sound/ammoPickup.mp3 using Guid(a748f002ef7d84b49862b5b77babe5aa) Importer(815301076,1909f56bfc062723c751e8b465ee728b)  -> (artifact id: '8f11610d7be6bc9fe60a76c247cb2a84') in 0.015156 seconds
  Import took 0.018882 seconds .

========================================================================
Received Import Request.
  Time since last request: 43.388787 seconds.
  path: Assets/Scenes/Level2.unity
  artifactKey: Guid(334bde055361ab742b446201c69f3ebd) Importer(815301076,1909f56bfc062723c751e8b465ee728b)
Start importing Assets/Scenes/Level2.unity using Guid(334bde055361ab742b446201c69f3ebd) Importer(815301076,1909f56bfc062723c751e8b465ee728b)  -> (artifact id: 'd91dc0f96bc4cb96c3cbcd8d42f9cc33') in 0.003839 seconds
  Import took 0.007488 seconds .

========================================================================
Received Import Request.
  Time since last request: 16.380742 seconds.
  path: Assets/Prefabs/Pickups/AmmoPickup.prefab
  artifactKey: Guid(a9f5cf08a171a3f4fb157ed9978dbcd6) Importer(815301076,1909f56bfc062723c751e8b465ee728b)
Start importing Assets/Prefabs/Pickups/AmmoPickup.prefab using Guid(a9f5cf08a171a3f4fb157ed9978dbcd6) Importer(815301076,1909f56bfc062723c751e8b465ee728b)  -> (artifact id: 'fc51606af5f91bb88a0c304632652d46') in 0.047925 seconds
  Import took 0.051910 seconds .

========================================================================
Received Import Request.
  Time since last request: 0.000347 seconds.
  path: Assets/Prefabs/Pickups/ShotgunPickup.prefab
  artifactKey: Guid(078d326547ab7574581204ae836707ec) Importer(815301076,1909f56bfc062723c751e8b465ee728b)
Start importing Assets/Prefabs/Pickups/ShotgunPickup.prefab using Guid(078d326547ab7574581204ae836707ec) Importer(815301076,1909f56bfc062723c751e8b465ee728b)  -> (artifact id: '3af3fbd14ddda947f653cd5ccba116bf') in 0.055954 seconds
  Import took 0.060040 seconds .

========================================================================
Received Import Request.
  Time since last request: 0.000224 seconds.
  path: Assets/Prefabs/Pickups/Grapplegun_Pickup.prefab
  artifactKey: Guid(684ced1b09d9a244bb93f4a6683a05ce) Importer(815301076,1909f56bfc062723c751e8b465ee728b)
Start importing Assets/Prefabs/Pickups/Grapplegun_Pickup.prefab using Guid(684ced1b09d9a244bb93f4a6683a05ce) Importer(815301076,1909f56bfc062723c751e8b465ee728b)  -> (artifact id: 'e61bb8c2c0dee6109ad0272cb81611a7') in 0.016322 seconds
  Import took 0.019707 seconds .

========================================================================
Received Import Request.
  Time since last request: 0.000255 seconds.
  path: Assets/Prefabs/Pickups/HealthPickup.prefab
  artifactKey: Guid(94d84c7b07e780345a7c615a94a919f6) Importer(815301076,1909f56bfc062723c751e8b465ee728b)
Start importing Assets/Prefabs/Pickups/HealthPickup.prefab using Guid(94d84c7b07e780345a7c615a94a919f6) Importer(815301076,1909f56bfc062723c751e8b465ee728b)  -> (artifact id: 'c803d97ae7172a1e6ef72d6446459de6') in 0.015955 seconds
  Import took 0.019513 seconds .

========================================================================
Received Import Request.
  Time since last request: 0.000238 seconds.
  path: Assets/Prefabs/Pickups/ShotgunAmmoPickup.prefab
  artifactKey: Guid(877fe214dce98104b9294b586d67a03c) Importer(815301076,1909f56bfc062723c751e8b465ee728b)
Start importing Assets/Prefabs/Pickups/ShotgunAmmoPickup.prefab using Guid(877fe214dce98104b9294b586d67a03c) Importer(815301076,1909f56bfc062723c751e8b465ee728b)  -> (artifact id: '79f1fa21f1d90d7760c4e8197fdf53c0') in 0.042298 seconds
  Import took 0.045676 seconds .

========================================================================
Received Import Request.
  Time since last request: 0.000216 seconds.
  path: Assets/Prefabs/Pickups/GrapplegunAmmoPickup.prefab
  artifactKey: Guid(73b11edbc75ce274f962da718dd2d9a0) Importer(815301076,1909f56bfc062723c751e8b465ee728b)
Start importing Assets/Prefabs/Pickups/GrapplegunAmmoPickup.prefab using Guid(73b11edbc75ce274f962da718dd2d9a0) Importer(815301076,1909f56bfc062723c751e8b465ee728b)  -> (artifact id: '7cd7409b16a7b1d3d6cbb073f9f91db8') in 0.027948 seconds
  Import took 0.031340 seconds .

========================================================================
Received Prepare
Registering precompiled user dll's ...
Registered in 0.001846 seconds.
Begin MonoManager ReloadAssembly
Native extension for WindowsStandalone target not found
Refreshing native plugins compatible for Editor in 0.52 ms, found 0 plugins.
Preloading 0 native plugins for Editor in 0.00 ms.
Invoked RoslynAnalysisRunner static constructor.
RoslynAnalysisRunner will not be running.
RoslynAnalysisRunner has terminated.
Mono: successfully reloaded assembly
- Completed reload, in  1.158 seconds
Platform modules already initialized, skipping
Refreshing native plugins compatible for Editor in 0.53 ms, found 0 plugins.
Preloading 0 native plugins for Editor in 0.00 ms.
Unloading 1552 Unused Serialized files (Serialized files now loaded: 0)
System memory in use before: 83.4 MB.
System memory in use after: 83.5 MB.

Unloading 6 unused Assets to reduce memory usage. Loaded Objects now: 2050.
Total: 2.688900 ms (FindLiveObjects: 0.249100 ms CreateObjectMapping: 0.043600 ms MarkObjects: 2.315200 ms  DeleteObjects: 0.079600 ms)

========================================================================
Received Prepare
Registering precompiled user dll's ...
Registered in 0.001900 seconds.
Begin MonoManager ReloadAssembly
Native extension for WindowsStandalone target not found
Refreshing native plugins compatible for Editor in 0.57 ms, found 0 plugins.
Preloading 0 native plugins for Editor in 0.00 ms.
Invoked RoslynAnalysisRunner static constructor.
RoslynAnalysisRunner will not be running.
RoslynAnalysisRunner has terminated.
Mono: successfully reloaded assembly
- Completed reload, in  1.167 seconds
Platform modules already initialized, skipping
Refreshing native plugins compatible for Editor in 0.49 ms, found 0 plugins.
Preloading 0 native plugins for Editor in 0.00 ms.
Unloading 1552 Unused Serialized files (Serialized files now loaded: 0)
System memory in use before: 83.4 MB.
System memory in use after: 83.5 MB.

Unloading 6 unused Assets to reduce memory usage. Loaded Objects now: 2053.
Total: 2.611500 ms (FindLiveObjects: 0.221900 ms CreateObjectMapping: 0.048300 ms MarkObjects: 2.258100 ms  DeleteObjects: 0.081900 ms)

========================================================================
Received Prepare
Registering precompiled user dll's ...
Registered in 0.001883 seconds.
Begin MonoManager ReloadAssembly
Native extension for WindowsStandalone target not found
Refreshing native plugins compatible for Editor in 0.53 ms, found 0 plugins.
Preloading 0 native plugins for Editor in 0.00 ms.
Invoked RoslynAnalysisRunner static constructor.
RoslynAnalysisRunner will not be running.
RoslynAnalysisRunner has terminated.
Mono: successfully reloaded assembly
- Completed reload, in  1.154 seconds
Platform modules already initialized, skipping
Refreshing native plugins compatible for Editor in 0.52 ms, found 0 plugins.
Preloading 0 native plugins for Editor in 0.00 ms.
Unloading 1552 Unused Serialized files (Serialized files now loaded: 0)
System memory in use before: 83.4 MB.
System memory in use after: 83.5 MB.

Unloading 6 unused Assets to reduce memory usage. Loaded Objects now: 2056.
Total: 2.532100 ms (FindLiveObjects: 0.252200 ms CreateObjectMapping: 0.049700 ms MarkObjects: 2.154900 ms  DeleteObjects: 0.074100 ms)

AssetImportWorkerClient::OnTransportError - code=2 error=End of file
